{"/home/travis/build/npmtest/node-npmtest-node-zookeeper-client/test.js":{"path":"/home/travis/build/npmtest/node-npmtest-node-zookeeper-client/test.js","s":{"1":2,"2":2,"3":2,"4":2,"5":2,"6":2,"7":2,"8":1,"9":2,"10":2,"11":1,"12":1,"13":1,"14":1,"15":2,"16":2,"17":2,"18":2,"19":1,"20":1,"21":2,"22":2,"23":2,"24":1,"25":1,"26":1,"27":1,"28":1,"29":1,"30":1,"31":1,"32":1,"33":1,"34":1,"35":1,"36":1,"37":1,"38":1,"39":2,"40":2,"41":1,"42":2,"43":2,"44":1,"45":2,"46":2,"47":1,"48":2,"49":2,"50":1,"51":1,"52":1,"53":1,"54":1},"b":{"1":[2,1,1,1],"2":[1,1,1,1],"3":[1,1],"4":[1,1],"5":[1,1],"6":[1,1],"7":[1,1],"8":[1,1],"9":[1,1],"10":[1,1,1],"11":[1,1],"12":[1,1],"13":[1,1],"14":[1,1],"15":[1,1],"16":[1,1],"17":[1,1]},"f":{"1":2,"2":2,"3":2,"4":2,"5":2,"6":1,"7":1,"8":1,"9":2,"10":2,"11":2,"12":2,"13":1},"fnMap":{"1":{"name":"(anonymous_1)","line":12,"loc":{"start":{"line":12,"column":1},"end":{"line":12,"column":13}}},"2":{"name":"(anonymous_2)","line":19,"loc":{"start":{"line":19,"column":5},"end":{"line":19,"column":17}}},"3":{"name":"(anonymous_3)","line":23,"loc":{"start":{"line":23,"column":24},"end":{"line":23,"column":36}}},"4":{"name":"(anonymous_4)","line":61,"loc":{"start":{"line":61,"column":5},"end":{"line":61,"column":17}}},"5":{"name":"(anonymous_5)","line":82,"loc":{"start":{"line":82,"column":5},"end":{"line":82,"column":17}}},"6":{"name":"(anonymous_6)","line":91,"loc":{"start":{"line":91,"column":77},"end":{"line":94,"column":10}}},"7":{"name":"(anonymous_7)","line":112,"loc":{"start":{"line":112,"column":83},"end":{"line":115,"column":10}},"skip":true},"8":{"name":"(anonymous_8)","line":123,"loc":{"start":{"line":123,"column":77},"end":{"line":126,"column":10}},"skip":true},"9":{"name":"(anonymous_9)","line":139,"loc":{"start":{"line":139,"column":12},"end":{"line":139,"column":40}},"skip":true},"10":{"name":"(anonymous_10)","line":147,"loc":{"start":{"line":147,"column":77},"end":{"line":150,"column":10}},"skip":true},"11":{"name":"(anonymous_11)","line":158,"loc":{"start":{"line":158,"column":83},"end":{"line":161,"column":10}},"skip":true},"12":{"name":"(anonymous_12)","line":169,"loc":{"start":{"line":169,"column":79},"end":{"line":172,"column":10}},"skip":true},"13":{"name":"(anonymous_13)","line":180,"loc":{"start":{"line":180,"column":75},"end":{"line":183,"column":10}},"skip":true}},"statementMap":{"1":{"start":{"line":12,"column":0},"end":{"line":195,"column":5}},"2":{"start":{"line":14,"column":4},"end":{"line":14,"column":14}},"3":{"start":{"line":19,"column":4},"end":{"line":56,"column":9}},"4":{"start":{"line":21,"column":8},"end":{"line":21,"column":19}},"5":{"start":{"line":23,"column":8},"end":{"line":35,"column":13}},"6":{"start":{"line":24,"column":12},"end":{"line":34,"column":13}},"7":{"start":{"line":25,"column":16},"end":{"line":28,"column":30}},"8":{"start":{"line":30,"column":16},"end":{"line":33,"column":27}},"9":{"start":{"line":37,"column":8},"end":{"line":39,"column":21}},"10":{"start":{"line":40,"column":8},"end":{"line":53,"column":9}},"11":{"start":{"line":43,"column":12},"end":{"line":46,"column":14}},"12":{"start":{"line":47,"column":12},"end":{"line":47,"column":18}},"13":{"start":{"line":50,"column":12},"end":{"line":51,"column":46}},"14":{"start":{"line":52,"column":12},"end":{"line":52,"column":18}},"15":{"start":{"line":55,"column":8},"end":{"line":55,"column":35}},"16":{"start":{"line":61,"column":4},"end":{"line":63,"column":9}},"17":{"start":{"line":62,"column":8},"end":{"line":62,"column":15}},"18":{"start":{"line":64,"column":4},"end":{"line":77,"column":5}},"19":{"start":{"line":70,"column":8},"end":{"line":70,"column":14}},"20":{"start":{"line":76,"column":8},"end":{"line":76,"column":14}},"21":{"start":{"line":82,"column":4},"end":{"line":84,"column":9}},"22":{"start":{"line":83,"column":8},"end":{"line":83,"column":15}},"23":{"start":{"line":85,"column":4},"end":{"line":194,"column":5}},"24":{"start":{"line":91,"column":8},"end":{"line":99,"column":10}},"25":{"start":{"line":98,"column":12},"end":{"line":98,"column":35}},"26":{"start":{"line":102,"column":8},"end":{"line":104,"column":63}},"27":{"start":{"line":105,"column":8},"end":{"line":105,"column":14}},"28":{"start":{"line":112,"column":8},"end":{"line":121,"column":10},"skip":true},"29":{"start":{"line":119,"column":12},"end":{"line":119,"column":55},"skip":true},"30":{"start":{"line":120,"column":12},"end":{"line":120,"column":48},"skip":true},"31":{"start":{"line":123,"column":8},"end":{"line":136,"column":10},"skip":true},"32":{"start":{"line":130,"column":12},"end":{"line":130,"column":76},"skip":true},"33":{"start":{"line":131,"column":12},"end":{"line":131,"column":73},"skip":true},"34":{"start":{"line":132,"column":12},"end":{"line":132,"column":74},"skip":true},"35":{"start":{"line":133,"column":12},"end":{"line":133,"column":79},"skip":true},"36":{"start":{"line":134,"column":12},"end":{"line":134,"column":25},"skip":true},"37":{"start":{"line":135,"column":12},"end":{"line":135,"column":45},"skip":true},"38":{"start":{"line":138,"column":8},"end":{"line":145,"column":14},"skip":true},"39":{"start":{"line":143,"column":16},"end":{"line":143,"column":29},"skip":true},"40":{"start":{"line":144,"column":16},"end":{"line":144,"column":55},"skip":true},"41":{"start":{"line":147,"column":8},"end":{"line":156,"column":10},"skip":true},"42":{"start":{"line":154,"column":12},"end":{"line":154,"column":25},"skip":true},"43":{"start":{"line":155,"column":12},"end":{"line":155,"column":45},"skip":true},"44":{"start":{"line":158,"column":8},"end":{"line":167,"column":10},"skip":true},"45":{"start":{"line":165,"column":12},"end":{"line":165,"column":25},"skip":true},"46":{"start":{"line":166,"column":12},"end":{"line":166,"column":48},"skip":true},"47":{"start":{"line":169,"column":8},"end":{"line":178,"column":10},"skip":true},"48":{"start":{"line":176,"column":12},"end":{"line":176,"column":25},"skip":true},"49":{"start":{"line":177,"column":12},"end":{"line":177,"column":46},"skip":true},"50":{"start":{"line":180,"column":8},"end":{"line":189,"column":10},"skip":true},"51":{"start":{"line":187,"column":12},"end":{"line":187,"column":94},"skip":true},"52":{"start":{"line":188,"column":12},"end":{"line":188,"column":48},"skip":true},"53":{"start":{"line":192,"column":8},"end":{"line":192,"column":35},"skip":true},"54":{"start":{"line":193,"column":8},"end":{"line":193,"column":14},"skip":true}},"branchMap":{"1":{"line":25,"type":"binary-expr","locations":[{"start":{"line":25,"column":23},"end":{"line":25,"column":62}},{"start":{"line":26,"column":20},"end":{"line":26,"column":70}},{"start":{"line":27,"column":20},"end":{"line":27,"column":71}},{"start":{"line":28,"column":20},"end":{"line":28,"column":29}}]},"2":{"line":30,"type":"binary-expr","locations":[{"start":{"line":30,"column":23},"end":{"line":30,"column":37}},{"start":{"line":31,"column":20},"end":{"line":31,"column":61}},{"start":{"line":32,"column":20},"end":{"line":32,"column":70}},{"start":{"line":33,"column":20},"end":{"line":33,"column":26}}]},"3":{"line":37,"type":"cond-expr","locations":[{"start":{"line":38,"column":14},"end":{"line":38,"column":20}},{"start":{"line":39,"column":14},"end":{"line":39,"column":20}}]},"4":{"line":40,"type":"switch","locations":[{"start":{"line":42,"column":8},"end":{"line":47,"column":18}},{"start":{"line":49,"column":8},"end":{"line":52,"column":18}}]},"5":{"line":44,"type":"binary-expr","locations":[{"start":{"line":44,"column":16},"end":{"line":44,"column":44}},{"start":{"line":44,"column":48},"end":{"line":44,"column":66}}]},"6":{"line":50,"type":"binary-expr","locations":[{"start":{"line":50,"column":21},"end":{"line":50,"column":49}},{"start":{"line":50,"column":53},"end":{"line":50,"column":72}}]},"7":{"line":64,"type":"switch","locations":[{"start":{"line":69,"column":4},"end":{"line":70,"column":14}},{"start":{"line":75,"column":4},"end":{"line":76,"column":14}}]},"8":{"line":85,"type":"switch","locations":[{"start":{"line":90,"column":4},"end":{"line":105,"column":14}},{"start":{"line":111,"column":4},"end":{"line":193,"column":14},"skip":true}]},"9":{"line":91,"type":"binary-expr","locations":[{"start":{"line":91,"column":42},"end":{"line":91,"column":73}},{"start":{"line":91,"column":77},"end":{"line":99,"column":9}}]},"10":{"line":102,"type":"binary-expr","locations":[{"start":{"line":102,"column":18},"end":{"line":102,"column":32}},{"start":{"line":103,"column":12},"end":{"line":103,"column":53}},{"start":{"line":104,"column":12},"end":{"line":104,"column":61}}]},"11":{"line":112,"type":"binary-expr","locations":[{"start":{"line":112,"column":45},"end":{"line":112,"column":79},"skip":true},{"start":{"line":112,"column":83},"end":{"line":121,"column":9},"skip":true}]},"12":{"line":123,"type":"binary-expr","locations":[{"start":{"line":123,"column":42},"end":{"line":123,"column":73},"skip":true},{"start":{"line":123,"column":77},"end":{"line":136,"column":9},"skip":true}]},"13":{"line":138,"type":"binary-expr","locations":[{"start":{"line":138,"column":48},"end":{"line":138,"column":85},"skip":true},{"start":{"line":139,"column":12},"end":{"line":145,"column":13},"skip":true}]},"14":{"line":147,"type":"binary-expr","locations":[{"start":{"line":147,"column":42},"end":{"line":147,"column":73},"skip":true},{"start":{"line":147,"column":77},"end":{"line":156,"column":9},"skip":true}]},"15":{"line":158,"type":"binary-expr","locations":[{"start":{"line":158,"column":45},"end":{"line":158,"column":79},"skip":true},{"start":{"line":158,"column":83},"end":{"line":167,"column":9},"skip":true}]},"16":{"line":169,"type":"binary-expr","locations":[{"start":{"line":169,"column":43},"end":{"line":169,"column":75},"skip":true},{"start":{"line":169,"column":79},"end":{"line":178,"column":9},"skip":true}]},"17":{"line":180,"type":"binary-expr","locations":[{"start":{"line":180,"column":41},"end":{"line":180,"column":71},"skip":true},{"start":{"line":180,"column":75},"end":{"line":189,"column":9},"skip":true}]}},"code":["/* istanbul instrument in package npmtest_node_zookeeper_client */","/*jslint","    bitwise: true,","    browser: true,","    maxerr: 8,","    maxlen: 96,","    node: true,","    nomen: true,","    regexp: true,","    stupid: true","*/","(function () {","    'use strict';","    var local;","","","","    // run shared js-env code - pre-init","    (function () {","        // init local","        local = {};","        // init modeJs","        local.modeJs = (function () {","            try {","                return typeof navigator.userAgent === 'string' &&","                    typeof document.querySelector('body') === 'object' &&","                    typeof XMLHttpRequest.prototype.open === 'function' &&","                    'browser';","            } catch (errorCaughtBrowser) {","                return module.exports &&","                    typeof process.versions.node === 'string' &&","                    typeof require('http').createServer === 'function' &&","                    'node';","            }","        }());","        // init global","        local.global = local.modeJs === 'browser'","            ? window","            : global;","        switch (local.modeJs) {","        // re-init local from window.local","        case 'browser':","            local = local.global.utility2.objectSetDefault(","                local.global.utility2_rollup || local.global.local,","                local.global.utility2","            );","            break;","        // re-init local from example.js","        case 'node':","            local = (local.global.utility2_rollup || require('utility2'))","                .requireExampleJsFromReadme();","            break;","        }","        // export local","        local.global.local = local;","    }());","","","","    // run shared js-env code - function","    (function () {","        return;","    }());","    switch (local.modeJs) {","","","","    // run browser js-env code - function","    case 'browser':","        break;","","","","    // run node js-env code - function","    case 'node':","        break;","    }","","","","    // run shared js-env code - post-init","    (function () {","        return;","    }());","    switch (local.modeJs) {","","","","    // run browser js-env code - post-init","    case 'browser':","        local.testCase_browser_nullCase = local.testCase_browser_nullCase || function (","            options,","            onError","        ) {","        /*","         * this function will test browsers's null-case handling-behavior-behavior","         */","            onError(null, options);","        };","","        // run tests","        local.nop(local.modeTest &&","            document.querySelector('#testRunButton1') &&","            document.querySelector('#testRunButton1').click());","        break;","","","","    // run node js-env code - post-init","    /* istanbul ignore next */","    case 'node':","        local.testCase_buildApidoc_default = local.testCase_buildApidoc_default || function (","            options,","            onError","        ) {","        /*","         * this function will test buildApidoc's default handling-behavior-behavior","         */","            options = { modulePathList: module.paths };","            local.buildApidoc(options, onError);","        };","","        local.testCase_buildApp_default = local.testCase_buildApp_default || function (","            options,","            onError","        ) {","        /*","         * this function will test buildApp's default handling-behavior-behavior","         */","            local.testCase_buildReadme_default(options, local.onErrorThrow);","            local.testCase_buildLib_default(options, local.onErrorThrow);","            local.testCase_buildTest_default(options, local.onErrorThrow);","            local.testCase_buildCustomOrg_default(options, local.onErrorThrow);","            options = [];","            local.buildApp(options, onError);","        };","","        local.testCase_buildCustomOrg_default = local.testCase_buildCustomOrg_default ||","            function (options, onError) {","            /*","             * this function will test buildCustomOrg's default handling-behavior","             */","                options = {};","                local.buildCustomOrg(options, onError);","            };","","        local.testCase_buildLib_default = local.testCase_buildLib_default || function (","            options,","            onError","        ) {","        /*","         * this function will test buildLib's default handling-behavior","         */","            options = {};","            local.buildLib(options, onError);","        };","","        local.testCase_buildReadme_default = local.testCase_buildReadme_default || function (","            options,","            onError","        ) {","        /*","         * this function will test buildReadme's default handling-behavior-behavior","         */","            options = {};","            local.buildReadme(options, onError);","        };","","        local.testCase_buildTest_default = local.testCase_buildTest_default || function (","            options,","            onError","        ) {","        /*","         * this function will test buildTest's default handling-behavior","         */","            options = {};","            local.buildTest(options, onError);","        };","","        local.testCase_webpage_default = local.testCase_webpage_default || function (","            options,","            onError","        ) {","        /*","         * this function will test webpage's default handling-behavior","         */","            options = { modeCoverageMerge: true, url: local.serverLocalHost + '?modeTest=1' };","            local.browserTest(options, onError);","        };","","        // run test-server","        local.testRunServer(local);","        break;","    }","}());",""],"l":{"12":2,"14":2,"19":2,"21":2,"23":2,"24":2,"25":2,"30":1,"37":2,"40":2,"43":1,"47":1,"50":1,"52":1,"55":2,"61":2,"62":2,"64":2,"70":1,"76":1,"82":2,"83":2,"85":2,"91":1,"98":1,"102":1,"105":1,"112":1,"119":1,"120":1,"123":1,"130":1,"131":1,"132":1,"133":1,"134":1,"135":1,"138":1,"143":2,"144":2,"147":1,"154":2,"155":2,"158":1,"165":2,"166":2,"169":1,"176":2,"177":2,"180":1,"187":1,"188":1,"192":1,"193":1}},"/home/travis/build/npmtest/node-npmtest-node-zookeeper-client/lib.npmtest_node_zookeeper_client.js":{"path":"/home/travis/build/npmtest/node-npmtest-node-zookeeper-client/lib.npmtest_node_zookeeper_client.js","s":{"1":2,"2":2,"3":2,"4":2,"5":2,"6":2,"7":2,"8":1,"9":2,"10":2,"11":2,"12":2,"13":1,"14":1,"15":1,"16":1},"b":{"1":[2,1,1,1],"2":[1,1,1,1],"3":[1,1],"4":[2,2],"5":[1,1]},"f":{"1":2,"2":2,"3":2},"fnMap":{"1":{"name":"(anonymous_1)","line":12,"loc":{"start":{"line":12,"column":1},"end":{"line":12,"column":13}}},"2":{"name":"(anonymous_2)","line":19,"loc":{"start":{"line":19,"column":5},"end":{"line":19,"column":17}}},"3":{"name":"(anonymous_3)","line":23,"loc":{"start":{"line":23,"column":24},"end":{"line":23,"column":36}}}},"statementMap":{"1":{"start":{"line":12,"column":0},"end":{"line":53,"column":5}},"2":{"start":{"line":14,"column":4},"end":{"line":14,"column":14}},"3":{"start":{"line":19,"column":4},"end":{"line":52,"column":9}},"4":{"start":{"line":21,"column":8},"end":{"line":21,"column":19}},"5":{"start":{"line":23,"column":8},"end":{"line":35,"column":13}},"6":{"start":{"line":24,"column":12},"end":{"line":34,"column":13}},"7":{"start":{"line":25,"column":16},"end":{"line":28,"column":30}},"8":{"start":{"line":30,"column":16},"end":{"line":33,"column":27}},"9":{"start":{"line":37,"column":8},"end":{"line":39,"column":21}},"10":{"start":{"line":41,"column":8},"end":{"line":41,"column":54}},"11":{"start":{"line":43,"column":8},"end":{"line":43,"column":66}},"12":{"start":{"line":45,"column":8},"end":{"line":51,"column":9}},"13":{"start":{"line":46,"column":12},"end":{"line":46,"column":72}},"14":{"start":{"line":48,"column":12},"end":{"line":48,"column":35}},"15":{"start":{"line":49,"column":12},"end":{"line":49,"column":49}},"16":{"start":{"line":50,"column":12},"end":{"line":50,"column":43}}},"branchMap":{"1":{"line":25,"type":"binary-expr","locations":[{"start":{"line":25,"column":23},"end":{"line":25,"column":62}},{"start":{"line":26,"column":20},"end":{"line":26,"column":70}},{"start":{"line":27,"column":20},"end":{"line":27,"column":71}},{"start":{"line":28,"column":20},"end":{"line":28,"column":29}}]},"2":{"line":30,"type":"binary-expr","locations":[{"start":{"line":30,"column":23},"end":{"line":30,"column":37}},{"start":{"line":31,"column":20},"end":{"line":31,"column":61}},{"start":{"line":32,"column":20},"end":{"line":32,"column":70}},{"start":{"line":33,"column":20},"end":{"line":33,"column":26}}]},"3":{"line":37,"type":"cond-expr","locations":[{"start":{"line":38,"column":14},"end":{"line":38,"column":20}},{"start":{"line":39,"column":14},"end":{"line":39,"column":20}}]},"4":{"line":41,"type":"binary-expr","locations":[{"start":{"line":41,"column":16},"end":{"line":41,"column":44}},{"start":{"line":41,"column":48},"end":{"line":41,"column":53}}]},"5":{"line":45,"type":"if","locations":[{"start":{"line":45,"column":8},"end":{"line":45,"column":8}},{"start":{"line":45,"column":8},"end":{"line":45,"column":8}}]}},"code":["/* istanbul instrument in package npmtest_node_zookeeper_client */","/*jslint","    bitwise: true,","    browser: true,","    maxerr: 8,","    maxlen: 96,","    node: true,","    nomen: true,","    regexp: true,","    stupid: true","*/","(function () {","    'use strict';","    var local;","","","","    // run shared js-env code - pre-init","    (function () {","        // init local","        local = {};","        // init modeJs","        local.modeJs = (function () {","            try {","                return typeof navigator.userAgent === 'string' &&","                    typeof document.querySelector('body') === 'object' &&","                    typeof XMLHttpRequest.prototype.open === 'function' &&","                    'browser';","            } catch (errorCaughtBrowser) {","                return module.exports &&","                    typeof process.versions.node === 'string' &&","                    typeof require('http').createServer === 'function' &&","                    'node';","            }","        }());","        // init global","        local.global = local.modeJs === 'browser'","            ? window","            : global;","        // init utility2_rollup","        local = local.global.utility2_rollup || local;","        // init lib","        local.local = local.npmtest_node_zookeeper_client = local;","        // init exports","        if (local.modeJs === 'browser') {","            local.global.utility2_npmtest_node_zookeeper_client = local;","        } else {","            module.exports = local;","            module.exports.__dirname = __dirname;","            module.exports.module = module;","        }","    }());","}());",""],"l":{"12":2,"14":2,"19":2,"21":2,"23":2,"24":2,"25":2,"30":1,"37":2,"41":2,"43":2,"45":2,"46":1,"48":1,"49":1,"50":1}},"/home/travis/build/npmtest/node-npmtest-node-zookeeper-client/example.js":{"path":"/home/travis/build/npmtest/node-npmtest-node-zookeeper-client/example.js","s":{"1":2,"2":2,"3":2,"4":2,"5":2,"6":2,"7":2,"8":1,"9":2,"10":2,"11":2,"12":2,"13":1,"14":2,"15":2,"16":2,"17":2,"18":2,"19":0,"20":2,"21":1,"22":1,"23":1,"24":1,"25":1,"26":0,"27":0,"28":1,"29":1,"30":2,"31":0,"32":0,"33":0,"34":1,"35":2,"36":2,"37":3,"38":3,"39":3,"40":3,"41":0,"42":3,"43":3,"44":3,"45":1,"46":3,"47":1,"48":1,"49":1,"50":1,"51":1,"52":1,"53":1,"54":1,"55":1,"56":1,"57":0,"58":1,"59":6,"60":6,"61":1,"62":2,"63":0,"64":2,"65":1,"66":1,"67":0,"68":0,"69":0,"70":0,"71":0,"72":0,"73":0,"74":0,"75":0,"76":0,"77":0,"78":0,"79":0,"80":0,"81":0,"82":0,"83":0},"b":{"1":[2,1,1,1],"2":[1,1,1,1],"3":[1,1],"4":[2,2],"5":[1,1],"6":[1,1],"7":[2,0],"8":[2,1,1,1,1,1],"9":[0,2,0],"10":[1,1],"11":[2,1,1],"12":[1,0],"13":[0,2],"14":[2,0,0,0,0,0,0],"15":[0,3],"16":[3,0],"17":[1,1],"18":[0,1],"19":[1,2,0,2],"20":[1,0],"21":[1,1],"22":[0,0],"23":[0,0],"24":[0,0],"25":[0,0],"26":[0,0],"27":[0,0],"28":[0,0]},"f":{"1":2,"2":2,"3":2,"4":2,"5":2,"6":2,"7":3,"8":3,"9":3,"10":1,"11":6,"12":0},"fnMap":{"1":{"name":"(anonymous_1)","line":26,"loc":{"start":{"line":26,"column":1},"end":{"line":26,"column":13}}},"2":{"name":"(anonymous_2)","line":33,"loc":{"start":{"line":33,"column":5},"end":{"line":33,"column":17}}},"3":{"name":"(anonymous_3)","line":37,"loc":{"start":{"line":37,"column":24},"end":{"line":37,"column":36}}},"4":{"name":"(anonymous_4)","line":69,"loc":{"start":{"line":69,"column":31},"end":{"line":69,"column":48}},"skip":true},"5":{"name":"(anonymous_5)","line":78,"loc":{"start":{"line":78,"column":26},"end":{"line":78,"column":45}},"skip":true},"6":{"name":"(anonymous_6)","line":123,"loc":{"start":{"line":123,"column":33},"end":{"line":123,"column":48}},"skip":true},"7":{"name":"(anonymous_7)","line":125,"loc":{"start":{"line":125,"column":27},"end":{"line":125,"column":39}},"skip":true},"8":{"name":"(anonymous_8)","line":133,"loc":{"start":{"line":133,"column":59},"end":{"line":133,"column":74}},"skip":true},"9":{"name":"(anonymous_9)","line":143,"loc":{"start":{"line":143,"column":45},"end":{"line":143,"column":62}},"skip":true},"10":{"name":"(anonymous_10)","line":144,"loc":{"start":{"line":144,"column":73},"end":{"line":144,"column":92}},"skip":true},"11":{"name":"(anonymous_11)","line":272,"loc":{"start":{"line":272,"column":51},"end":{"line":272,"column":77}},"skip":true},"12":{"name":"(anonymous_12)","line":315,"loc":{"start":{"line":315,"column":32},"end":{"line":315,"column":61}},"skip":true}},"statementMap":{"1":{"start":{"line":26,"column":0},"end":{"line":326,"column":5}},"2":{"start":{"line":28,"column":4},"end":{"line":28,"column":14}},"3":{"start":{"line":33,"column":4},"end":{"line":60,"column":9}},"4":{"start":{"line":35,"column":8},"end":{"line":35,"column":19}},"5":{"start":{"line":37,"column":8},"end":{"line":49,"column":13}},"6":{"start":{"line":38,"column":12},"end":{"line":48,"column":13}},"7":{"start":{"line":39,"column":16},"end":{"line":42,"column":30}},"8":{"start":{"line":44,"column":16},"end":{"line":47,"column":27}},"9":{"start":{"line":51,"column":8},"end":{"line":53,"column":21}},"10":{"start":{"line":55,"column":8},"end":{"line":57,"column":45}},"11":{"start":{"line":59,"column":8},"end":{"line":59,"column":35}},"12":{"start":{"line":61,"column":4},"end":{"line":325,"column":5}},"13":{"start":{"line":69,"column":8},"end":{"line":121,"column":10},"skip":true},"14":{"start":{"line":70,"column":12},"end":{"line":88,"column":13},"skip":true},"15":{"start":{"line":76,"column":16},"end":{"line":87,"column":19},"skip":true},"16":{"start":{"line":79,"column":20},"end":{"line":86,"column":21},"skip":true},"17":{"start":{"line":82,"column":24},"end":{"line":82,"column":43},"skip":true},"18":{"start":{"line":83,"column":24},"end":{"line":83,"column":30},"skip":true},"19":{"start":{"line":85,"column":24},"end":{"line":85,"column":49},"skip":true},"20":{"start":{"line":89,"column":12},"end":{"line":107,"column":13},"skip":true},"21":{"start":{"line":92,"column":16},"end":{"line":102,"column":17},"skip":true},"22":{"start":{"line":93,"column":20},"end":{"line":93,"column":86},"skip":true},"23":{"start":{"line":94,"column":20},"end":{"line":95,"column":45},"skip":true},"24":{"start":{"line":96,"column":20},"end":{"line":96,"column":42},"skip":true},"25":{"start":{"line":97,"column":20},"end":{"line":97,"column":48},"skip":true},"26":{"start":{"line":100,"column":20},"end":{"line":100,"column":85},"skip":true},"27":{"start":{"line":101,"column":20},"end":{"line":101,"column":96},"skip":true},"28":{"start":{"line":103,"column":16},"end":{"line":103,"column":22},"skip":true},"29":{"start":{"line":106,"column":16},"end":{"line":106,"column":22},"skip":true},"30":{"start":{"line":108,"column":12},"end":{"line":120,"column":13},"skip":true},"31":{"start":{"line":114,"column":16},"end":{"line":119,"column":17},"skip":true},"32":{"start":{"line":116,"column":20},"end":{"line":116,"column":78},"skip":true},"33":{"start":{"line":118,"column":20},"end":{"line":118,"column":47},"skip":true},"34":{"start":{"line":123,"column":8},"end":{"line":141,"column":11},"skip":true},"35":{"start":{"line":124,"column":12},"end":{"line":124,"column":54},"skip":true},"36":{"start":{"line":125,"column":12},"end":{"line":140,"column":14},"skip":true},"37":{"start":{"line":126,"column":16},"end":{"line":126,"column":28},"skip":true},"38":{"start":{"line":127,"column":16},"end":{"line":127,"column":69},"skip":true},"39":{"start":{"line":128,"column":16},"end":{"line":128,"column":75},"skip":true},"40":{"start":{"line":129,"column":16},"end":{"line":131,"column":17},"skip":true},"41":{"start":{"line":130,"column":20},"end":{"line":130,"column":27},"skip":true},"42":{"start":{"line":133,"column":16},"end":{"line":137,"column":36},"skip":true},"43":{"start":{"line":134,"column":20},"end":{"line":136,"column":55},"skip":true},"44":{"start":{"line":139,"column":16},"end":{"line":139,"column":57},"skip":true},"45":{"start":{"line":143,"column":8},"end":{"line":147,"column":11},"skip":true},"46":{"start":{"line":144,"column":12},"end":{"line":146,"column":15},"skip":true},"47":{"start":{"line":145,"column":16},"end":{"line":145,"column":70},"skip":true},"48":{"start":{"line":149,"column":8},"end":{"line":149,"column":31},"skip":true},"49":{"start":{"line":150,"column":8},"end":{"line":150,"column":14},"skip":true},"50":{"start":{"line":158,"column":8},"end":{"line":158,"column":31},"skip":true},"51":{"start":{"line":160,"column":8},"end":{"line":160,"column":33},"skip":true},"52":{"start":{"line":161,"column":8},"end":{"line":161,"column":37},"skip":true},"53":{"start":{"line":162,"column":8},"end":{"line":162,"column":35},"skip":true},"54":{"start":{"line":164,"column":8},"end":{"line":164,"column":50},"skip":true},"55":{"start":{"line":166,"column":8},"end":{"line":256,"column":2},"skip":true},"56":{"start":{"line":258,"column":8},"end":{"line":286,"column":9},"skip":true},"57":{"start":{"line":259,"column":12},"end":{"line":269,"column":14},"skip":true},"58":{"start":{"line":271,"column":12},"end":{"line":285,"column":19},"skip":true},"59":{"start":{"line":274,"column":20},"end":{"line":274,"column":35},"skip":true},"60":{"start":{"line":275,"column":20},"end":{"line":284,"column":21},"skip":true},"61":{"start":{"line":277,"column":24},"end":{"line":277,"column":64},"skip":true},"62":{"start":{"line":279,"column":24},"end":{"line":279,"column":40},"skip":true},"63":{"start":{"line":281,"column":24},"end":{"line":281,"column":40},"skip":true},"64":{"start":{"line":283,"column":24},"end":{"line":283,"column":39},"skip":true},"65":{"start":{"line":288,"column":8},"end":{"line":290,"column":9},"skip":true},"66":{"start":{"line":289,"column":12},"end":{"line":289,"column":18},"skip":true},"67":{"start":{"line":291,"column":8},"end":{"line":293,"column":54},"skip":true},"68":{"start":{"line":296,"column":8},"end":{"line":301,"column":37},"skip":true},"69":{"start":{"line":303,"column":8},"end":{"line":303,"column":82},"skip":true},"70":{"start":{"line":306,"column":8},"end":{"line":308,"column":9},"skip":true},"71":{"start":{"line":307,"column":12},"end":{"line":307,"column":82},"skip":true},"72":{"start":{"line":310,"column":8},"end":{"line":312,"column":9},"skip":true},"73":{"start":{"line":311,"column":12},"end":{"line":311,"column":18},"skip":true},"74":{"start":{"line":313,"column":8},"end":{"line":313,"column":54},"skip":true},"75":{"start":{"line":314,"column":8},"end":{"line":314,"column":69},"skip":true},"76":{"start":{"line":315,"column":8},"end":{"line":323,"column":36},"skip":true},"77":{"start":{"line":316,"column":12},"end":{"line":316,"column":61},"skip":true},"78":{"start":{"line":317,"column":12},"end":{"line":320,"column":13},"skip":true},"79":{"start":{"line":318,"column":16},"end":{"line":318,"column":75},"skip":true},"80":{"start":{"line":319,"column":16},"end":{"line":319,"column":23},"skip":true},"81":{"start":{"line":321,"column":12},"end":{"line":321,"column":38},"skip":true},"82":{"start":{"line":322,"column":12},"end":{"line":322,"column":27},"skip":true},"83":{"start":{"line":324,"column":8},"end":{"line":324,"column":14},"skip":true}},"branchMap":{"1":{"line":39,"type":"binary-expr","locations":[{"start":{"line":39,"column":23},"end":{"line":39,"column":62}},{"start":{"line":40,"column":20},"end":{"line":40,"column":70}},{"start":{"line":41,"column":20},"end":{"line":41,"column":71}},{"start":{"line":42,"column":20},"end":{"line":42,"column":29}}]},"2":{"line":44,"type":"binary-expr","locations":[{"start":{"line":44,"column":23},"end":{"line":44,"column":37}},{"start":{"line":45,"column":20},"end":{"line":45,"column":61}},{"start":{"line":46,"column":20},"end":{"line":46,"column":70}},{"start":{"line":47,"column":20},"end":{"line":47,"column":26}}]},"3":{"line":51,"type":"cond-expr","locations":[{"start":{"line":52,"column":14},"end":{"line":52,"column":20}},{"start":{"line":53,"column":14},"end":{"line":53,"column":20}}]},"4":{"line":55,"type":"binary-expr","locations":[{"start":{"line":55,"column":16},"end":{"line":55,"column":44}},{"start":{"line":55,"column":49},"end":{"line":57,"column":43}}]},"5":{"line":55,"type":"cond-expr","locations":[{"start":{"line":56,"column":14},"end":{"line":56,"column":65}},{"start":{"line":57,"column":14},"end":{"line":57,"column":43}}]},"6":{"line":61,"type":"switch","locations":[{"start":{"line":68,"column":4},"end":{"line":150,"column":14},"skip":true},{"start":{"line":156,"column":4},"end":{"line":324,"column":14},"skip":true}]},"7":{"line":70,"type":"if","locations":[{"start":{"line":70,"column":12},"end":{"line":70,"column":12},"skip":true},{"start":{"line":70,"column":12},"end":{"line":70,"column":12},"skip":true}]},"8":{"line":70,"type":"binary-expr","locations":[{"start":{"line":70,"column":16},"end":{"line":70,"column":22},"skip":true},{"start":{"line":70,"column":27},"end":{"line":70,"column":32},"skip":true},{"start":{"line":71,"column":20},"end":{"line":71,"column":39},"skip":true},{"start":{"line":72,"column":20},"end":{"line":72,"column":49},"skip":true},{"start":{"line":73,"column":20},"end":{"line":73,"column":58},"skip":true},{"start":{"line":74,"column":20},"end":{"line":74,"column":69},"skip":true}]},"9":{"line":79,"type":"switch","locations":[{"start":{"line":80,"column":20},"end":{"line":80,"column":33},"skip":true},{"start":{"line":81,"column":20},"end":{"line":83,"column":30},"skip":true},{"start":{"line":84,"column":20},"end":{"line":85,"column":49},"skip":true}]},"10":{"line":89,"type":"switch","locations":[{"start":{"line":90,"column":12},"end":{"line":103,"column":22},"skip":true},{"start":{"line":105,"column":12},"end":{"line":106,"column":22},"skip":true}]},"11":{"line":89,"type":"binary-expr","locations":[{"start":{"line":89,"column":20},"end":{"line":89,"column":25},"skip":true},{"start":{"line":89,"column":29},"end":{"line":89,"column":48},"skip":true},{"start":{"line":89,"column":52},"end":{"line":89,"column":74},"skip":true}]},"12":{"line":92,"type":"if","locations":[{"start":{"line":92,"column":16},"end":{"line":92,"column":16},"skip":true},{"start":{"line":92,"column":16},"end":{"line":92,"column":16},"skip":true}]},"13":{"line":108,"type":"if","locations":[{"start":{"line":108,"column":12},"end":{"line":108,"column":12},"skip":true},{"start":{"line":108,"column":12},"end":{"line":108,"column":12},"skip":true}]},"14":{"line":108,"type":"binary-expr","locations":[{"start":{"line":108,"column":16},"end":{"line":108,"column":61},"skip":true},{"start":{"line":108,"column":66},"end":{"line":108,"column":72},"skip":true},{"start":{"line":108,"column":77},"end":{"line":108,"column":82},"skip":true},{"start":{"line":109,"column":20},"end":{"line":109,"column":39},"skip":true},{"start":{"line":110,"column":20},"end":{"line":110,"column":49},"skip":true},{"start":{"line":111,"column":20},"end":{"line":111,"column":58},"skip":true},{"start":{"line":112,"column":20},"end":{"line":112,"column":68},"skip":true}]},"15":{"line":129,"type":"if","locations":[{"start":{"line":129,"column":16},"end":{"line":129,"column":16},"skip":true},{"start":{"line":129,"column":16},"end":{"line":129,"column":16},"skip":true}]},"16":{"line":134,"type":"cond-expr","locations":[{"start":{"line":135,"column":26},"end":{"line":135,"column":29},"skip":true},{"start":{"line":136,"column":26},"end":{"line":136,"column":54},"skip":true}]},"17":{"line":164,"type":"binary-expr","locations":[{"start":{"line":164,"column":27},"end":{"line":164,"column":43},"skip":true},{"start":{"line":164,"column":47},"end":{"line":164,"column":49},"skip":true}]},"18":{"line":258,"type":"if","locations":[{"start":{"line":258,"column":8},"end":{"line":258,"column":8},"skip":true},{"start":{"line":258,"column":8},"end":{"line":258,"column":8},"skip":true}]},"19":{"line":275,"type":"switch","locations":[{"start":{"line":276,"column":20},"end":{"line":277,"column":64},"skip":true},{"start":{"line":278,"column":20},"end":{"line":279,"column":40},"skip":true},{"start":{"line":280,"column":20},"end":{"line":281,"column":40},"skip":true},{"start":{"line":282,"column":20},"end":{"line":283,"column":39},"skip":true}]},"20":{"line":288,"type":"if","locations":[{"start":{"line":288,"column":8},"end":{"line":288,"column":8},"skip":true},{"start":{"line":288,"column":8},"end":{"line":288,"column":8},"skip":true}]},"21":{"line":288,"type":"binary-expr","locations":[{"start":{"line":288,"column":12},"end":{"line":288,"column":40},"skip":true},{"start":{"line":288,"column":44},"end":{"line":288,"column":67},"skip":true}]},"22":{"line":292,"type":"binary-expr","locations":[{"start":{"line":292,"column":12},"end":{"line":292,"column":50},"skip":true},{"start":{"line":293,"column":12},"end":{"line":293,"column":53},"skip":true}]},"23":{"line":297,"type":"binary-expr","locations":[{"start":{"line":297,"column":12},"end":{"line":297,"column":79},"skip":true},{"start":{"line":298,"column":12},"end":{"line":301,"column":36},"skip":true}]},"24":{"line":303,"type":"binary-expr","locations":[{"start":{"line":303,"column":43},"end":{"line":303,"column":75},"skip":true},{"start":{"line":303,"column":79},"end":{"line":303,"column":81},"skip":true}]},"25":{"line":306,"type":"if","locations":[{"start":{"line":306,"column":8},"end":{"line":306,"column":8},"skip":true},{"start":{"line":306,"column":8},"end":{"line":306,"column":8},"skip":true}]},"26":{"line":310,"type":"if","locations":[{"start":{"line":310,"column":8},"end":{"line":310,"column":8},"skip":true},{"start":{"line":310,"column":8},"end":{"line":310,"column":8},"skip":true}]},"27":{"line":313,"type":"binary-expr","locations":[{"start":{"line":313,"column":27},"end":{"line":313,"column":43},"skip":true},{"start":{"line":313,"column":47},"end":{"line":313,"column":53},"skip":true}]},"28":{"line":317,"type":"if","locations":[{"start":{"line":317,"column":12},"end":{"line":317,"column":12},"skip":true},{"start":{"line":317,"column":12},"end":{"line":317,"column":12},"skip":true}]}},"code":["/*","example.js","","quickstart example","","instruction","    1. save this script as example.js","    2. run the shell command:","        $ npm install npmtest-node-zookeeper-client && PORT=8081 node example.js","    3. play with the browser-demo on http://127.0.0.1:8081","*/","","","","/* istanbul instrument in package npmtest_node_zookeeper_client */","/*jslint","    bitwise: true,","    browser: true,","    maxerr: 8,","    maxlen: 96,","    node: true,","    nomen: true,","    regexp: true,","    stupid: true","*/","(function () {","    'use strict';","    var local;","","","","    // run shared js-env code - pre-init","    (function () {","        // init local","        local = {};","        // init modeJs","        local.modeJs = (function () {","            try {","                return typeof navigator.userAgent === 'string' &&","                    typeof document.querySelector('body') === 'object' &&","                    typeof XMLHttpRequest.prototype.open === 'function' &&","                    'browser';","            } catch (errorCaughtBrowser) {","                return module.exports &&","                    typeof process.versions.node === 'string' &&","                    typeof require('http').createServer === 'function' &&","                    'node';","            }","        }());","        // init global","        local.global = local.modeJs === 'browser'","            ? window","            : global;","        // init utility2_rollup","        local = local.global.utility2_rollup || (local.modeJs === 'browser'","            ? local.global.utility2_npmtest_node_zookeeper_client","            : global.utility2_moduleExports);","        // export local","        local.global.local = local;","    }());","    switch (local.modeJs) {","","","","    // post-init","    // run browser js-env code - post-init","    /* istanbul ignore next */","    case 'browser':","        local.testRunBrowser = function (event) {","            if (!event || (event &&","                    event.currentTarget &&","                    event.currentTarget.className &&","                    event.currentTarget.className.includes &&","                    event.currentTarget.className.includes('onreset'))) {","                // reset output","                Array.from(","                    document.querySelectorAll('body > .resettable')","                ).forEach(function (element) {","                    switch (element.tagName) {","                    case 'INPUT':","                    case 'TEXTAREA':","                        element.value = '';","                        break;","                    default:","                        element.textContent = '';","                    }","                });","            }","            switch (event && event.currentTarget && event.currentTarget.id) {","            case 'testRunButton1':","                // show tests","                if (document.querySelector('#testReportDiv1').style.display === 'none') {","                    document.querySelector('#testReportDiv1').style.display = 'block';","                    document.querySelector('#testRunButton1').textContent =","                        'hide internal test';","                    local.modeTest = true;","                    local.testRunDefault(local);","                // hide tests","                } else {","                    document.querySelector('#testReportDiv1').style.display = 'none';","                    document.querySelector('#testRunButton1').textContent = 'run internal test';","                }","                break;","            // custom-case","            default:","                break;","            }","            if (document.querySelector('#inputTextareaEval1') && (!event || (event &&","                    event.currentTarget &&","                    event.currentTarget.className &&","                    event.currentTarget.className.includes &&","                    event.currentTarget.className.includes('oneval')))) {","                // try to eval input-code","                try {","                    /*jslint evil: true*/","                    eval(document.querySelector('#inputTextareaEval1').value);","                } catch (errorCaught) {","                    console.error(errorCaught);","                }","            }","        };","        // log stderr and stdout to #outputTextareaStdout1","        ['error', 'log'].forEach(function (key) {","            console[key + '_original'] = console[key];","            console[key] = function () {","                var element;","                console[key + '_original'].apply(console, arguments);","                element = document.querySelector('#outputTextareaStdout1');","                if (!element) {","                    return;","                }","                // append text to #outputTextareaStdout1","                element.value += Array.from(arguments).map(function (arg) {","                    return typeof arg === 'string'","                        ? arg","                        : JSON.stringify(arg, null, 4);","                }).join(' ') + '\\n';","                // scroll textarea to bottom","                element.scrollTop = element.scrollHeight;","            };","        });","        // init event-handling","        ['change', 'click', 'keyup'].forEach(function (event) {","            Array.from(document.querySelectorAll('.on' + event)).forEach(function (element) {","                element.addEventListener(event, local.testRunBrowser);","            });","        });","        // run tests","        local.testRunBrowser();","        break;","","","","    // run node js-env code - post-init","    /* istanbul ignore next */","    case 'node':","        // export local","        module.exports = local;","        // require modules","        local.fs = require('fs');","        local.http = require('http');","        local.url = require('url');","        // init assets","        local.assetsDict = local.assetsDict || {};","        /* jslint-ignore-begin */","        local.assetsDict['/assets.index.template.html'] = '\\","<!doctype html>\\n\\","<html lang=\"en\">\\n\\","<head>\\n\\","<meta charset=\"UTF-8\">\\n\\","<meta name=\"viewport\" content=\"width=device-width, initial-scale=1\">\\n\\","<title>{{env.npm_package_name}} (v{{env.npm_package_version}})</title>\\n\\","<style>\\n\\","/*csslint\\n\\","    box-sizing: false,\\n\\","    universal-selector: false\\n\\","*/\\n\\","* {\\n\\","    box-sizing: border-box;\\n\\","}\\n\\","body {\\n\\","    background: #dde;\\n\\","    font-family: Arial, Helvetica, sans-serif;\\n\\","    margin: 2rem;\\n\\","}\\n\\","body > * {\\n\\","    margin-bottom: 1rem;\\n\\","}\\n\\",".utility2FooterDiv {\\n\\","    margin-top: 20px;\\n\\","    text-align: center;\\n\\","}\\n\\","</style>\\n\\","<style>\\n\\","/*csslint\\n\\","*/\\n\\","textarea {\\n\\","    font-family: monospace;\\n\\","    height: 10rem;\\n\\","    width: 100%;\\n\\","}\\n\\","textarea[readonly] {\\n\\","    background: #ddd;\\n\\","}\\n\\","</style>\\n\\","</head>\\n\\","<body>\\n\\","<!-- utility2-comment\\n\\","<div id=\"ajaxProgressDiv1\" style=\"background: #d00; height: 2px; left: 0; margin: 0; padding: 0; position: fixed; top: 0; transition: background 0.5s, width 1.5s; width: 25%;\"></div>\\n\\","utility2-comment -->\\n\\","<h1>\\n\\","<!-- utility2-comment\\n\\","    <a\\n\\","        {{#if env.npm_package_homepage}}\\n\\","        href=\"{{env.npm_package_homepage}}\"\\n\\","        {{/if env.npm_package_homepage}}\\n\\","        target=\"_blank\"\\n\\","    >\\n\\","utility2-comment -->\\n\\","        {{env.npm_package_name}} (v{{env.npm_package_version}})\\n\\","<!-- utility2-comment\\n\\","    </a>\\n\\","utility2-comment -->\\n\\","</h1>\\n\\","<h3>{{env.npm_package_description}}</h3>\\n\\","<!-- utility2-comment\\n\\","<h4><a download href=\"assets.app.js\">download standalone app</a></h4>\\n\\","<button class=\"onclick onreset\" id=\"testRunButton1\">run internal test</button><br>\\n\\","<div id=\"testReportDiv1\" style=\"display: none;\"></div>\\n\\","utility2-comment -->\\n\\","\\n\\","\\n\\","\\n\\","<label>stderr and stdout</label>\\n\\","<textarea class=\"resettable\" id=\"outputTextareaStdout1\" readonly></textarea>\\n\\","<!-- utility2-comment\\n\\","{{#if isRollup}}\\n\\","<script src=\"assets.app.js\"></script>\\n\\","{{#unless isRollup}}\\n\\","utility2-comment -->\\n\\","<script src=\"assets.utility2.rollup.js\"></script>\\n\\","<script src=\"jsonp.utility2._stateInit?callback=window.utility2._stateInit\"></script>\\n\\","<script src=\"assets.npmtest_node_zookeeper_client.rollup.js\"></script>\\n\\","<script src=\"assets.example.js\"></script>\\n\\","<script src=\"assets.test.js\"></script>\\n\\","<!-- utility2-comment\\n\\","{{/if isRollup}}\\n\\","utility2-comment -->\\n\\","<div class=\"utility2FooterDiv\">\\n\\","    [ this app was created with\\n\\","    <a href=\"https://github.com/kaizhu256/node-utility2\" target=\"_blank\">utility2</a>\\n\\","    ]\\n\\","</div>\\n\\","</body>\\n\\","</html>\\n\\","';","        /* jslint-ignore-end */","        if (local.templateRender) {","            local.assetsDict['/'] = local.templateRender(","                local.assetsDict['/assets.index.template.html'],","                {","                    env: local.objectSetDefault(local.env, {","                        npm_package_description: 'the greatest app in the world!',","                        npm_package_name: 'my-app',","                        npm_package_nameAlias: 'my_app',","                        npm_package_version: '0.0.1'","                    })","                }","            );","        } else {","            local.assetsDict['/'] = local.assetsDict['/assets.index.template.html']","                .replace((/\\{\\{env\\.(\\w+?)\\}\\}/g), function (match0, match1) {","                    // jslint-hack","                    String(match0);","                    switch (match1) {","                    case 'npm_package_description':","                        return 'the greatest app in the world!';","                    case 'npm_package_name':","                        return 'my-app';","                    case 'npm_package_nameAlias':","                        return 'my_app';","                    case 'npm_package_version':","                        return '0.0.1';","                    }","                });","        }","        // run the cli","        if (local.global.utility2_rollup || module !== require.main) {","            break;","        }","        local.assetsDict['/assets.example.js'] =","            local.assetsDict['/assets.example.js'] ||","            local.fs.readFileSync(__filename, 'utf8');","        // bug-workaround - long $npm_package_buildCustomOrg","        /* jslint-ignore-begin */","        local.assetsDict['/assets.npmtest_node_zookeeper_client.rollup.js'] =","            local.assetsDict['/assets.npmtest_node_zookeeper_client.rollup.js'] ||","            local.fs.readFileSync(","                local.npmtest_node_zookeeper_client.__dirname + '/lib.npmtest_node_zookeeper_client.js',","                'utf8'","            ).replace((/^#!/), '//');","        /* jslint-ignore-end */","        local.assetsDict['/favicon.ico'] = local.assetsDict['/favicon.ico'] || '';","        // if $npm_config_timeout_exit exists,","        // then exit this process after $npm_config_timeout_exit ms","        if (Number(process.env.npm_config_timeout_exit)) {","            setTimeout(process.exit, Number(process.env.npm_config_timeout_exit));","        }","        // start server","        if (local.global.utility2_serverHttp1) {","            break;","        }","        process.env.PORT = process.env.PORT || '8081';","        console.error('server starting on port ' + process.env.PORT);","        local.http.createServer(function (request, response) {","            request.urlParsed = local.url.parse(request.url);","            if (local.assetsDict[request.urlParsed.pathname] !== undefined) {","                response.end(local.assetsDict[request.urlParsed.pathname]);","                return;","            }","            response.statusCode = 404;","            response.end();","        }).listen(process.env.PORT);","        break;","    }","}());",""],"l":{"26":2,"28":2,"33":2,"35":2,"37":2,"38":2,"39":2,"44":1,"51":2,"55":2,"59":2,"61":2,"69":1,"70":2,"76":2,"79":2,"82":2,"83":2,"85":1,"89":2,"92":1,"93":1,"94":1,"96":1,"97":1,"100":1,"101":1,"103":1,"106":1,"108":2,"114":1,"116":1,"118":1,"123":1,"124":2,"125":2,"126":3,"127":3,"128":3,"129":3,"130":1,"133":3,"134":3,"139":3,"143":1,"144":3,"145":1,"149":1,"150":1,"158":1,"160":1,"161":1,"162":1,"164":1,"166":1,"258":1,"259":1,"271":1,"274":6,"275":6,"277":1,"279":2,"281":1,"283":2,"288":1,"289":1,"291":1,"296":1,"303":1,"306":1,"307":1,"310":1,"311":1,"313":1,"314":1,"315":1,"316":1,"317":1,"318":1,"319":1,"321":1,"322":1,"324":1}},"/home/travis/build/npmtest/node-npmtest-node-zookeeper-client/node_modules/node-zookeeper-client/index.js":{"path":"/home/travis/build/npmtest/node-npmtest-node-zookeeper-client/node_modules/node-zookeeper-client/index.js","s":{"1":1,"2":1,"3":1,"4":1,"5":1,"6":1,"7":1,"8":1,"9":1,"10":1,"11":1,"12":1,"13":1,"14":1,"15":1,"16":1,"17":1,"18":1,"19":1,"20":1,"21":0,"22":0,"23":0,"24":0,"25":0,"26":0,"27":0,"28":0,"29":0,"30":0,"31":0,"32":0,"33":1,"34":0,"35":0,"36":0,"37":0,"38":0,"39":0,"40":0,"41":0,"42":0,"43":0,"44":0,"45":0,"46":0,"47":0,"48":0,"49":0,"50":0,"51":0,"52":0,"53":0,"54":0,"55":0,"56":0,"57":0,"58":0,"59":0,"60":0,"61":1,"62":0,"63":0,"64":0,"65":0,"66":0,"67":0,"68":0,"69":0,"70":0,"71":0,"72":0,"73":1,"74":1,"75":0,"76":1,"77":0,"78":1,"79":0,"80":0,"81":0,"82":0,"83":0,"84":0,"85":0,"86":0,"87":0,"88":0,"89":0,"90":0,"91":0,"92":0,"93":0,"94":0,"95":1,"96":0,"97":1,"98":0,"99":1,"100":0,"101":1,"102":0,"103":1,"104":0,"105":0,"106":0,"107":0,"108":0,"109":1,"110":0,"111":0,"112":0,"113":0,"114":0,"115":0,"116":0,"117":0,"118":0,"119":0,"120":0,"121":0,"122":0,"123":0,"124":0,"125":0,"126":0,"127":0,"128":0,"129":0,"130":0,"131":0,"132":0,"133":0,"134":0,"135":0,"136":0,"137":0,"138":0,"139":0,"140":0,"141":0,"142":0,"143":0,"144":0,"145":0,"146":1,"147":0,"148":0,"149":0,"150":0,"151":0,"152":0,"153":0,"154":0,"155":0,"156":0,"157":0,"158":0,"159":0,"160":0,"161":1,"162":0,"163":0,"164":0,"165":0,"166":0,"167":0,"168":0,"169":0,"170":0,"171":0,"172":0,"173":0,"174":0,"175":0,"176":0,"177":0,"178":0,"179":0,"180":0,"181":0,"182":0,"183":0,"184":1,"185":0,"186":0,"187":0,"188":0,"189":0,"190":0,"191":0,"192":0,"193":0,"194":0,"195":0,"196":0,"197":0,"198":0,"199":0,"200":0,"201":0,"202":0,"203":1,"204":0,"205":0,"206":0,"207":0,"208":0,"209":0,"210":0,"211":0,"212":0,"213":0,"214":0,"215":0,"216":0,"217":0,"218":0,"219":0,"220":0,"221":0,"222":0,"223":0,"224":1,"225":0,"226":0,"227":0,"228":0,"229":0,"230":0,"231":0,"232":0,"233":0,"234":0,"235":0,"236":0,"237":0,"238":0,"239":0,"240":0,"241":1,"242":0,"243":0,"244":0,"245":0,"246":0,"247":0,"248":0,"249":0,"250":0,"251":0,"252":0,"253":0,"254":0,"255":0,"256":0,"257":0,"258":0,"259":0,"260":0,"261":0,"262":0,"263":1,"264":0,"265":0,"266":0,"267":0,"268":0,"269":0,"270":0,"271":0,"272":0,"273":0,"274":0,"275":0,"276":0,"277":0,"278":0,"279":0,"280":0,"281":0,"282":1,"283":0,"284":0,"285":0,"286":0,"287":0,"288":0,"289":0,"290":0,"291":0,"292":0,"293":0,"294":0,"295":0,"296":0,"297":0,"298":0,"299":0,"300":0,"301":0,"302":0,"303":0,"304":0,"305":0,"306":0,"307":0,"308":0,"309":0,"310":0,"311":1,"312":0,"313":1,"314":0,"315":1,"316":1,"317":1,"318":1,"319":1,"320":1,"321":1,"322":1},"b":{"1":[0,0,0,0,0,0],"2":[0,0],"3":[0,0],"4":[0,0],"5":[0,0],"6":[0,0],"7":[0,0],"8":[0,0],"9":[0,0],"10":[0,0],"11":[0,0],"12":[0,0],"13":[0,0,0,0,0,0],"14":[0,0],"15":[0,0],"16":[0,0],"17":[0,0],"18":[0,0],"19":[0,0],"20":[0,0],"21":[0,0],"22":[0,0,0],"23":[0,0],"24":[0,0],"25":[0,0],"26":[0,0],"27":[0,0],"28":[0,0,0],"29":[0,0],"30":[0,0],"31":[0,0],"32":[0,0],"33":[0,0],"34":[0,0],"35":[0,0],"36":[0,0],"37":[0,0],"38":[0,0],"39":[0,0],"40":[0,0],"41":[0,0],"42":[0,0],"43":[0,0],"44":[0,0],"45":[0,0],"46":[0,0],"47":[0,0],"48":[0,0],"49":[0,0],"50":[0,0],"51":[0,0],"52":[0,0],"53":[0,0],"54":[0,0,0],"55":[0,0],"56":[0,0],"57":[0,0]},"f":{"1":0,"2":0,"3":0,"4":0,"5":0,"6":0,"7":0,"8":0,"9":0,"10":0,"11":0,"12":0,"13":0,"14":0,"15":0,"16":0,"17":0,"18":0,"19":0,"20":0,"21":0,"22":0,"23":0,"24":0,"25":0,"26":0,"27":0,"28":0,"29":0,"30":0,"31":0,"32":0,"33":0,"34":0,"35":0,"36":0,"37":0,"38":0,"39":0,"40":0,"41":0,"42":0,"43":0,"44":0,"45":0,"46":0,"47":0,"48":0,"49":0,"50":0},"fnMap":{"1":{"name":"defaultStateListener","line":49,"loc":{"start":{"line":49,"column":0},"end":{"line":49,"column":37}}},"2":{"name":"attempt","line":102,"loc":{"start":{"line":102,"column":0},"end":{"line":102,"column":37}}},"3":{"name":"(anonymous_3)","line":118,"loc":{"start":{"line":118,"column":8},"end":{"line":118,"column":20}}},"4":{"name":"(anonymous_4)","line":121,"loc":{"start":{"line":121,"column":8},"end":{"line":121,"column":24}}},"5":{"name":"(anonymous_5)","line":125,"loc":{"start":{"line":125,"column":25},"end":{"line":125,"column":42}}},"6":{"name":"(anonymous_6)","line":157,"loc":{"start":{"line":157,"column":8},"end":{"line":157,"column":25}}},"7":{"name":"Client","line":179,"loc":{"start":{"line":179,"column":0},"end":{"line":179,"column":43}}},"8":{"name":"(anonymous_8)","line":219,"loc":{"start":{"line":219,"column":27},"end":{"line":219,"column":39}}},"9":{"name":"(anonymous_9)","line":228,"loc":{"start":{"line":228,"column":25},"end":{"line":228,"column":37}}},"10":{"name":"(anonymous_10)","line":235,"loc":{"start":{"line":235,"column":44},"end":{"line":235,"column":78}}},"11":{"name":"(anonymous_11)","line":272,"loc":{"start":{"line":272,"column":28},"end":{"line":272,"column":40}}},"12":{"name":"(anonymous_12)","line":284,"loc":{"start":{"line":284,"column":32},"end":{"line":284,"column":44}}},"13":{"name":"(anonymous_13)","line":296,"loc":{"start":{"line":296,"column":38},"end":{"line":296,"column":50}}},"14":{"name":"(anonymous_14)","line":308,"loc":{"start":{"line":308,"column":37},"end":{"line":308,"column":49}}},"15":{"name":"(anonymous_15)","line":320,"loc":{"start":{"line":320,"column":31},"end":{"line":320,"column":55}}},"16":{"name":"(anonymous_16)","line":347,"loc":{"start":{"line":347,"column":26},"end":{"line":347,"column":70}}},"17":{"name":"(anonymous_17)","line":358,"loc":{"start":{"line":358,"column":25},"end":{"line":358,"column":47}}},"18":{"name":"(anonymous_18)","line":397,"loc":{"start":{"line":397,"column":27},"end":{"line":397,"column":43}}},"19":{"name":"(anonymous_19)","line":411,"loc":{"start":{"line":411,"column":8},"end":{"line":411,"column":34}}},"20":{"name":"(anonymous_20)","line":412,"loc":{"start":{"line":412,"column":50},"end":{"line":412,"column":77}}},"21":{"name":"(anonymous_21)","line":434,"loc":{"start":{"line":434,"column":26},"end":{"line":434,"column":61}}},"22":{"name":"(anonymous_22)","line":460,"loc":{"start":{"line":460,"column":8},"end":{"line":460,"column":34}}},"23":{"name":"(anonymous_23)","line":461,"loc":{"start":{"line":461,"column":50},"end":{"line":461,"column":77}}},"24":{"name":"(anonymous_24)","line":480,"loc":{"start":{"line":480,"column":27},"end":{"line":480,"column":68}}},"25":{"name":"(anonymous_25)","line":518,"loc":{"start":{"line":518,"column":8},"end":{"line":518,"column":34}}},"26":{"name":"(anonymous_26)","line":519,"loc":{"start":{"line":519,"column":50},"end":{"line":519,"column":77}}},"27":{"name":"(anonymous_27)","line":547,"loc":{"start":{"line":547,"column":27},"end":{"line":547,"column":62}}},"28":{"name":"(anonymous_28)","line":571,"loc":{"start":{"line":571,"column":8},"end":{"line":571,"column":34}}},"29":{"name":"(anonymous_29)","line":572,"loc":{"start":{"line":572,"column":50},"end":{"line":572,"column":77}}},"30":{"name":"(anonymous_30)","line":601,"loc":{"start":{"line":601,"column":26},"end":{"line":601,"column":67}}},"31":{"name":"(anonymous_31)","line":623,"loc":{"start":{"line":623,"column":27},"end":{"line":623,"column":43}}},"32":{"name":"(anonymous_32)","line":633,"loc":{"start":{"line":633,"column":8},"end":{"line":633,"column":34}}},"33":{"name":"(anonymous_33)","line":634,"loc":{"start":{"line":634,"column":50},"end":{"line":634,"column":77}}},"34":{"name":"(anonymous_34)","line":654,"loc":{"start":{"line":654,"column":26},"end":{"line":654,"column":52}}},"35":{"name":"(anonymous_35)","line":670,"loc":{"start":{"line":670,"column":8},"end":{"line":670,"column":34}}},"36":{"name":"(anonymous_36)","line":671,"loc":{"start":{"line":671,"column":50},"end":{"line":671,"column":77}}},"37":{"name":"(anonymous_37)","line":680,"loc":{"start":{"line":680,"column":52},"end":{"line":680,"column":68}}},"38":{"name":"(anonymous_38)","line":706,"loc":{"start":{"line":706,"column":26},"end":{"line":706,"column":61}}},"39":{"name":"(anonymous_39)","line":729,"loc":{"start":{"line":729,"column":8},"end":{"line":729,"column":34}}},"40":{"name":"(anonymous_40)","line":730,"loc":{"start":{"line":730,"column":50},"end":{"line":730,"column":77}}},"41":{"name":"(anonymous_41)","line":775,"loc":{"start":{"line":775,"column":31},"end":{"line":775,"column":66}}},"42":{"name":"(anonymous_42)","line":798,"loc":{"start":{"line":798,"column":8},"end":{"line":798,"column":34}}},"43":{"name":"(anonymous_43)","line":799,"loc":{"start":{"line":799,"column":50},"end":{"line":799,"column":77}}},"44":{"name":"(anonymous_44)","line":827,"loc":{"start":{"line":827,"column":26},"end":{"line":827,"column":70}}},"45":{"name":"(anonymous_45)","line":837,"loc":{"start":{"line":837,"column":25},"end":{"line":837,"column":47}}},"46":{"name":"(anonymous_46)","line":874,"loc":{"start":{"line":874,"column":28},"end":{"line":874,"column":50}}},"47":{"name":"(anonymous_47)","line":876,"loc":{"start":{"line":876,"column":51},"end":{"line":876,"column":74}}},"48":{"name":"(anonymous_48)","line":885,"loc":{"start":{"line":885,"column":7},"end":{"line":885,"column":24}}},"49":{"name":"(anonymous_49)","line":896,"loc":{"start":{"line":896,"column":31},"end":{"line":896,"column":43}}},"50":{"name":"createClient","line":906,"loc":{"start":{"line":906,"column":0},"end":{"line":906,"column":49}}}},"statementMap":{"1":{"start":{"line":16,"column":0},"end":{"line":16,"column":42}},"2":{"start":{"line":17,"column":0},"end":{"line":17,"column":42}},"3":{"start":{"line":18,"column":0},"end":{"line":18,"column":40}},"4":{"start":{"line":19,"column":0},"end":{"line":19,"column":39}},"5":{"start":{"line":21,"column":0},"end":{"line":21,"column":41}},"6":{"start":{"line":22,"column":0},"end":{"line":22,"column":46}},"7":{"start":{"line":24,"column":0},"end":{"line":24,"column":46}},"8":{"start":{"line":25,"column":0},"end":{"line":25,"column":48}},"9":{"start":{"line":26,"column":0},"end":{"line":26,"column":47}},"10":{"start":{"line":27,"column":0},"end":{"line":27,"column":49}},"11":{"start":{"line":28,"column":0},"end":{"line":28,"column":50}},"12":{"start":{"line":29,"column":0},"end":{"line":29,"column":50}},"13":{"start":{"line":30,"column":0},"end":{"line":30,"column":55}},"14":{"start":{"line":31,"column":0},"end":{"line":31,"column":55}},"15":{"start":{"line":32,"column":0},"end":{"line":32,"column":51}},"16":{"start":{"line":33,"column":0},"end":{"line":33,"column":56}},"17":{"start":{"line":34,"column":0},"end":{"line":34,"column":62}},"18":{"start":{"line":38,"column":0},"end":{"line":42,"column":2}},"19":{"start":{"line":44,"column":0},"end":{"line":44,"column":30}},"20":{"start":{"line":49,"column":0},"end":{"line":69,"column":1}},"21":{"start":{"line":50,"column":4},"end":{"line":68,"column":5}},"22":{"start":{"line":52,"column":8},"end":{"line":52,"column":34}},"23":{"start":{"line":53,"column":8},"end":{"line":53,"column":14}},"24":{"start":{"line":55,"column":8},"end":{"line":55,"column":31}},"25":{"start":{"line":56,"column":8},"end":{"line":56,"column":14}},"26":{"start":{"line":58,"column":8},"end":{"line":58,"column":39}},"27":{"start":{"line":59,"column":8},"end":{"line":59,"column":14}},"28":{"start":{"line":61,"column":8},"end":{"line":61,"column":29}},"29":{"start":{"line":62,"column":8},"end":{"line":62,"column":14}},"30":{"start":{"line":64,"column":8},"end":{"line":64,"column":42}},"31":{"start":{"line":65,"column":8},"end":{"line":65,"column":14}},"32":{"start":{"line":67,"column":8},"end":{"line":67,"column":15}},"33":{"start":{"line":102,"column":0},"end":{"line":169,"column":1}},"34":{"start":{"line":103,"column":4},"end":{"line":106,"column":21}},"35":{"start":{"line":108,"column":4},"end":{"line":108,"column":63}},"36":{"start":{"line":110,"column":4},"end":{"line":113,"column":6}},"37":{"start":{"line":115,"column":4},"end":{"line":115,"column":75}},"38":{"start":{"line":117,"column":4},"end":{"line":168,"column":6}},"39":{"start":{"line":119,"column":12},"end":{"line":119,"column":45}},"40":{"start":{"line":122,"column":12},"end":{"line":122,"column":33}},"41":{"start":{"line":123,"column":12},"end":{"line":123,"column":23}},"42":{"start":{"line":125,"column":12},"end":{"line":155,"column":15}},"43":{"start":{"line":126,"column":16},"end":{"line":127,"column":35}},"44":{"start":{"line":129,"column":16},"end":{"line":129,"column":39}},"45":{"start":{"line":130,"column":16},"end":{"line":130,"column":48}},"46":{"start":{"line":132,"column":16},"end":{"line":135,"column":17}},"47":{"start":{"line":133,"column":20},"end":{"line":133,"column":66}},"48":{"start":{"line":134,"column":20},"end":{"line":134,"column":59}},"49":{"start":{"line":137,"column":16},"end":{"line":141,"column":17}},"50":{"start":{"line":138,"column":20},"end":{"line":138,"column":33}},"51":{"start":{"line":140,"column":20},"end":{"line":140,"column":34}},"52":{"start":{"line":143,"column":16},"end":{"line":154,"column":17}},"53":{"start":{"line":145,"column":20},"end":{"line":145,"column":27}},"54":{"start":{"line":147,"column":20},"end":{"line":147,"column":80}},"55":{"start":{"line":150,"column":20},"end":{"line":153,"column":22}},"56":{"start":{"line":158,"column":12},"end":{"line":159,"column":44}},"57":{"start":{"line":161,"column":12},"end":{"line":166,"column":13}},"58":{"start":{"line":162,"column":16},"end":{"line":162,"column":40}},"59":{"start":{"line":163,"column":16},"end":{"line":163,"column":62}},"60":{"start":{"line":165,"column":16},"end":{"line":165,"column":43}},"61":{"start":{"line":179,"column":0},"end":{"line":210,"column":1}},"62":{"start":{"line":180,"column":4},"end":{"line":182,"column":5}},"63":{"start":{"line":181,"column":8},"end":{"line":181,"column":53}},"64":{"start":{"line":184,"column":4},"end":{"line":184,"column":35}},"65":{"start":{"line":186,"column":4},"end":{"line":186,"column":28}},"66":{"start":{"line":188,"column":4},"end":{"line":191,"column":6}},"67":{"start":{"line":193,"column":4},"end":{"line":196,"column":6}},"68":{"start":{"line":198,"column":4},"end":{"line":198,"column":67}},"69":{"start":{"line":200,"column":4},"end":{"line":204,"column":6}},"70":{"start":{"line":206,"column":4},"end":{"line":206,"column":27}},"71":{"start":{"line":207,"column":4},"end":{"line":207,"column":36}},"72":{"start":{"line":209,"column":4},"end":{"line":209,"column":43}},"73":{"start":{"line":212,"column":0},"end":{"line":212,"column":43}},"74":{"start":{"line":219,"column":0},"end":{"line":221,"column":2}},"75":{"start":{"line":220,"column":4},"end":{"line":220,"column":37}},"76":{"start":{"line":228,"column":0},"end":{"line":230,"column":2}},"77":{"start":{"line":229,"column":4},"end":{"line":229,"column":35}},"78":{"start":{"line":235,"column":0},"end":{"line":264,"column":2}},"79":{"start":{"line":236,"column":4},"end":{"line":236,"column":14}},"80":{"start":{"line":239,"column":4},"end":{"line":258,"column":5}},"81":{"start":{"line":241,"column":8},"end":{"line":241,"column":35}},"82":{"start":{"line":242,"column":8},"end":{"line":242,"column":14}},"83":{"start":{"line":244,"column":8},"end":{"line":244,"column":37}},"84":{"start":{"line":245,"column":8},"end":{"line":245,"column":14}},"85":{"start":{"line":247,"column":8},"end":{"line":247,"column":42}},"86":{"start":{"line":248,"column":8},"end":{"line":248,"column":14}},"87":{"start":{"line":250,"column":8},"end":{"line":250,"column":30}},"88":{"start":{"line":251,"column":8},"end":{"line":251,"column":14}},"89":{"start":{"line":253,"column":8},"end":{"line":253,"column":34}},"90":{"start":{"line":254,"column":8},"end":{"line":254,"column":14}},"91":{"start":{"line":257,"column":8},"end":{"line":257,"column":15}},"92":{"start":{"line":260,"column":4},"end":{"line":263,"column":5}},"93":{"start":{"line":261,"column":8},"end":{"line":261,"column":27}},"94":{"start":{"line":262,"column":8},"end":{"line":262,"column":39}},"95":{"start":{"line":272,"column":0},"end":{"line":274,"column":2}},"96":{"start":{"line":273,"column":4},"end":{"line":273,"column":22}},"97":{"start":{"line":284,"column":0},"end":{"line":286,"column":2}},"98":{"start":{"line":285,"column":4},"end":{"line":285,"column":49}},"99":{"start":{"line":296,"column":0},"end":{"line":298,"column":2}},"100":{"start":{"line":297,"column":4},"end":{"line":297,"column":55}},"101":{"start":{"line":308,"column":0},"end":{"line":310,"column":2}},"102":{"start":{"line":309,"column":4},"end":{"line":309,"column":54}},"103":{"start":{"line":320,"column":0},"end":{"line":335,"column":2}},"104":{"start":{"line":321,"column":4},"end":{"line":324,"column":6}},"105":{"start":{"line":326,"column":4},"end":{"line":329,"column":6}},"106":{"start":{"line":331,"column":4},"end":{"line":331,"column":41}},"107":{"start":{"line":333,"column":4},"end":{"line":333,"column":22}},"108":{"start":{"line":334,"column":4},"end":{"line":334,"column":55}},"109":{"start":{"line":347,"column":0},"end":{"line":423,"column":2}},"110":{"start":{"line":348,"column":4},"end":{"line":352,"column":16}},"111":{"start":{"line":354,"column":4},"end":{"line":354,"column":24}},"112":{"start":{"line":357,"column":4},"end":{"line":357,"column":46}},"113":{"start":{"line":358,"column":4},"end":{"line":368,"column":7}},"114":{"start":{"line":359,"column":8},"end":{"line":367,"column":9}},"115":{"start":{"line":360,"column":12},"end":{"line":360,"column":23}},"116":{"start":{"line":361,"column":15},"end":{"line":367,"column":9}},"117":{"start":{"line":362,"column":12},"end":{"line":362,"column":23}},"118":{"start":{"line":363,"column":15},"end":{"line":367,"column":9}},"119":{"start":{"line":364,"column":12},"end":{"line":364,"column":23}},"120":{"start":{"line":365,"column":15},"end":{"line":367,"column":9}},"121":{"start":{"line":366,"column":12},"end":{"line":366,"column":27}},"122":{"start":{"line":370,"column":4},"end":{"line":373,"column":6}},"123":{"start":{"line":375,"column":4},"end":{"line":375,"column":60}},"124":{"start":{"line":376,"column":4},"end":{"line":376,"column":67}},"125":{"start":{"line":378,"column":4},"end":{"line":381,"column":6}},"126":{"start":{"line":383,"column":4},"end":{"line":388,"column":5}},"127":{"start":{"line":384,"column":8},"end":{"line":387,"column":10}},"128":{"start":{"line":390,"column":4},"end":{"line":390,"column":63}},"129":{"start":{"line":392,"column":4},"end":{"line":392,"column":47}},"130":{"start":{"line":393,"column":4},"end":{"line":393,"column":39}},"131":{"start":{"line":395,"column":4},"end":{"line":395,"column":48}},"132":{"start":{"line":396,"column":4},"end":{"line":396,"column":24}},"133":{"start":{"line":397,"column":4},"end":{"line":399,"column":7}},"134":{"start":{"line":398,"column":8},"end":{"line":398,"column":31}},"135":{"start":{"line":400,"column":4},"end":{"line":400,"column":25}},"136":{"start":{"line":402,"column":4},"end":{"line":405,"column":5}},"137":{"start":{"line":403,"column":8},"end":{"line":403,"column":47}},"138":{"start":{"line":404,"column":8},"end":{"line":404,"column":32}},"139":{"start":{"line":407,"column":4},"end":{"line":407,"column":48}},"140":{"start":{"line":409,"column":4},"end":{"line":422,"column":6}},"141":{"start":{"line":412,"column":12},"end":{"line":419,"column":15}},"142":{"start":{"line":413,"column":16},"end":{"line":416,"column":17}},"143":{"start":{"line":414,"column":20},"end":{"line":414,"column":32}},"144":{"start":{"line":415,"column":20},"end":{"line":415,"column":27}},"145":{"start":{"line":418,"column":16},"end":{"line":418,"column":50}},"146":{"start":{"line":434,"column":0},"end":{"line":467,"column":2}},"147":{"start":{"line":435,"column":4},"end":{"line":438,"column":5}},"148":{"start":{"line":436,"column":8},"end":{"line":436,"column":27}},"149":{"start":{"line":437,"column":8},"end":{"line":437,"column":21}},"150":{"start":{"line":440,"column":4},"end":{"line":440,"column":24}},"151":{"start":{"line":442,"column":4},"end":{"line":442,"column":75}},"152":{"start":{"line":443,"column":4},"end":{"line":443,"column":69}},"153":{"start":{"line":446,"column":4},"end":{"line":449,"column":16}},"154":{"start":{"line":451,"column":4},"end":{"line":451,"column":39}},"155":{"start":{"line":453,"column":4},"end":{"line":453,"column":24}},"156":{"start":{"line":454,"column":4},"end":{"line":454,"column":30}},"157":{"start":{"line":456,"column":4},"end":{"line":456,"column":48}},"158":{"start":{"line":458,"column":4},"end":{"line":466,"column":6}},"159":{"start":{"line":461,"column":12},"end":{"line":463,"column":15}},"160":{"start":{"line":462,"column":16},"end":{"line":462,"column":28}},"161":{"start":{"line":480,"column":0},"end":{"line":530,"column":2}},"162":{"start":{"line":481,"column":4},"end":{"line":484,"column":5}},"163":{"start":{"line":482,"column":8},"end":{"line":482,"column":27}},"164":{"start":{"line":483,"column":8},"end":{"line":483,"column":21}},"165":{"start":{"line":486,"column":4},"end":{"line":486,"column":24}},"166":{"start":{"line":488,"column":4},"end":{"line":488,"column":75}},"167":{"start":{"line":489,"column":4},"end":{"line":489,"column":69}},"168":{"start":{"line":491,"column":4},"end":{"line":494,"column":6}},"169":{"start":{"line":495,"column":4},"end":{"line":500,"column":5}},"170":{"start":{"line":496,"column":8},"end":{"line":499,"column":10}},"171":{"start":{"line":502,"column":4},"end":{"line":505,"column":16}},"172":{"start":{"line":507,"column":4},"end":{"line":507,"column":41}},"173":{"start":{"line":509,"column":4},"end":{"line":509,"column":24}},"174":{"start":{"line":510,"column":4},"end":{"line":510,"column":43}},"175":{"start":{"line":511,"column":4},"end":{"line":511,"column":28}},"176":{"start":{"line":512,"column":4},"end":{"line":512,"column":30}},"177":{"start":{"line":514,"column":4},"end":{"line":514,"column":48}},"178":{"start":{"line":516,"column":4},"end":{"line":529,"column":6}},"179":{"start":{"line":519,"column":12},"end":{"line":526,"column":15}},"180":{"start":{"line":520,"column":16},"end":{"line":523,"column":17}},"181":{"start":{"line":521,"column":20},"end":{"line":521,"column":32}},"182":{"start":{"line":522,"column":20},"end":{"line":522,"column":27}},"183":{"start":{"line":525,"column":16},"end":{"line":525,"column":50}},"184":{"start":{"line":547,"column":0},"end":{"line":587,"column":2}},"185":{"start":{"line":548,"column":4},"end":{"line":551,"column":5}},"186":{"start":{"line":549,"column":8},"end":{"line":549,"column":27}},"187":{"start":{"line":550,"column":8},"end":{"line":550,"column":28}},"188":{"start":{"line":553,"column":4},"end":{"line":553,"column":24}},"189":{"start":{"line":555,"column":4},"end":{"line":555,"column":75}},"190":{"start":{"line":557,"column":4},"end":{"line":560,"column":16}},"191":{"start":{"line":562,"column":4},"end":{"line":562,"column":41}},"192":{"start":{"line":564,"column":4},"end":{"line":564,"column":24}},"193":{"start":{"line":565,"column":4},"end":{"line":565,"column":52}},"194":{"start":{"line":567,"column":4},"end":{"line":567,"column":48}},"195":{"start":{"line":569,"column":4},"end":{"line":586,"column":6}},"196":{"start":{"line":572,"column":12},"end":{"line":583,"column":15}},"197":{"start":{"line":573,"column":16},"end":{"line":576,"column":17}},"198":{"start":{"line":574,"column":20},"end":{"line":574,"column":32}},"199":{"start":{"line":575,"column":20},"end":{"line":575,"column":27}},"200":{"start":{"line":578,"column":16},"end":{"line":580,"column":17}},"201":{"start":{"line":579,"column":20},"end":{"line":579,"column":78}},"202":{"start":{"line":582,"column":16},"end":{"line":582,"column":73}},"203":{"start":{"line":601,"column":0},"end":{"line":645,"column":2}},"204":{"start":{"line":602,"column":4},"end":{"line":605,"column":5}},"205":{"start":{"line":603,"column":8},"end":{"line":603,"column":27}},"206":{"start":{"line":604,"column":8},"end":{"line":604,"column":21}},"207":{"start":{"line":607,"column":4},"end":{"line":607,"column":24}},"208":{"start":{"line":608,"column":4},"end":{"line":608,"column":75}},"209":{"start":{"line":609,"column":4},"end":{"line":612,"column":6}},"210":{"start":{"line":613,"column":4},"end":{"line":613,"column":69}},"211":{"start":{"line":615,"column":4},"end":{"line":618,"column":16}},"212":{"start":{"line":620,"column":4},"end":{"line":620,"column":40}},"213":{"start":{"line":622,"column":4},"end":{"line":622,"column":24}},"214":{"start":{"line":623,"column":4},"end":{"line":625,"column":7}},"215":{"start":{"line":624,"column":8},"end":{"line":624,"column":31}},"216":{"start":{"line":627,"column":4},"end":{"line":627,"column":30}},"217":{"start":{"line":629,"column":4},"end":{"line":629,"column":48}},"218":{"start":{"line":631,"column":4},"end":{"line":644,"column":6}},"219":{"start":{"line":634,"column":12},"end":{"line":641,"column":15}},"220":{"start":{"line":635,"column":16},"end":{"line":638,"column":17}},"221":{"start":{"line":636,"column":20},"end":{"line":636,"column":32}},"222":{"start":{"line":637,"column":20},"end":{"line":637,"column":27}},"223":{"start":{"line":640,"column":16},"end":{"line":640,"column":50}},"224":{"start":{"line":654,"column":0},"end":{"line":690,"column":2}},"225":{"start":{"line":655,"column":4},"end":{"line":655,"column":24}},"226":{"start":{"line":656,"column":4},"end":{"line":656,"column":75}},"227":{"start":{"line":658,"column":4},"end":{"line":661,"column":16}},"228":{"start":{"line":663,"column":4},"end":{"line":663,"column":40}},"229":{"start":{"line":665,"column":4},"end":{"line":665,"column":24}},"230":{"start":{"line":666,"column":4},"end":{"line":666,"column":48}},"231":{"start":{"line":668,"column":4},"end":{"line":689,"column":6}},"232":{"start":{"line":671,"column":12},"end":{"line":686,"column":15}},"233":{"start":{"line":672,"column":16},"end":{"line":675,"column":17}},"234":{"start":{"line":673,"column":20},"end":{"line":673,"column":32}},"235":{"start":{"line":674,"column":20},"end":{"line":674,"column":27}},"236":{"start":{"line":677,"column":16},"end":{"line":677,"column":25}},"237":{"start":{"line":679,"column":16},"end":{"line":683,"column":17}},"238":{"start":{"line":680,"column":20},"end":{"line":682,"column":23}},"239":{"start":{"line":681,"column":24},"end":{"line":681,"column":52}},"240":{"start":{"line":685,"column":16},"end":{"line":685,"column":56}},"241":{"start":{"line":706,"column":0},"end":{"line":760,"column":2}},"242":{"start":{"line":707,"column":4},"end":{"line":710,"column":5}},"243":{"start":{"line":708,"column":8},"end":{"line":708,"column":27}},"244":{"start":{"line":709,"column":8},"end":{"line":709,"column":28}},"245":{"start":{"line":712,"column":4},"end":{"line":712,"column":24}},"246":{"start":{"line":713,"column":4},"end":{"line":713,"column":75}},"247":{"start":{"line":715,"column":4},"end":{"line":718,"column":16}},"248":{"start":{"line":720,"column":4},"end":{"line":720,"column":39}},"249":{"start":{"line":722,"column":4},"end":{"line":722,"column":24}},"250":{"start":{"line":723,"column":4},"end":{"line":723,"column":52}},"251":{"start":{"line":725,"column":4},"end":{"line":725,"column":48}},"252":{"start":{"line":727,"column":4},"end":{"line":759,"column":6}},"253":{"start":{"line":730,"column":12},"end":{"line":756,"column":15}},"254":{"start":{"line":731,"column":16},"end":{"line":734,"column":17}},"255":{"start":{"line":732,"column":20},"end":{"line":732,"column":32}},"256":{"start":{"line":733,"column":20},"end":{"line":733,"column":27}},"257":{"start":{"line":736,"column":16},"end":{"line":736,"column":69}},"258":{"start":{"line":738,"column":16},"end":{"line":750,"column":17}},"259":{"start":{"line":739,"column":20},"end":{"line":749,"column":21}},"260":{"start":{"line":740,"column":24},"end":{"line":743,"column":26}},"261":{"start":{"line":745,"column":24},"end":{"line":748,"column":26}},"262":{"start":{"line":752,"column":16},"end":{"line":755,"column":18}},"263":{"start":{"line":775,"column":0},"end":{"line":814,"column":2}},"264":{"start":{"line":776,"column":4},"end":{"line":779,"column":5}},"265":{"start":{"line":777,"column":8},"end":{"line":777,"column":27}},"266":{"start":{"line":778,"column":8},"end":{"line":778,"column":28}},"267":{"start":{"line":781,"column":4},"end":{"line":781,"column":24}},"268":{"start":{"line":782,"column":4},"end":{"line":782,"column":75}},"269":{"start":{"line":784,"column":4},"end":{"line":787,"column":16}},"270":{"start":{"line":789,"column":4},"end":{"line":789,"column":46}},"271":{"start":{"line":791,"column":4},"end":{"line":791,"column":24}},"272":{"start":{"line":792,"column":4},"end":{"line":792,"column":52}},"273":{"start":{"line":794,"column":4},"end":{"line":794,"column":48}},"274":{"start":{"line":796,"column":4},"end":{"line":813,"column":6}},"275":{"start":{"line":799,"column":12},"end":{"line":810,"column":15}},"276":{"start":{"line":800,"column":16},"end":{"line":803,"column":17}},"277":{"start":{"line":801,"column":20},"end":{"line":801,"column":32}},"278":{"start":{"line":802,"column":20},"end":{"line":802,"column":27}},"279":{"start":{"line":805,"column":16},"end":{"line":807,"column":17}},"280":{"start":{"line":806,"column":20},"end":{"line":806,"column":79}},"281":{"start":{"line":809,"column":16},"end":{"line":809,"column":77}},"282":{"start":{"line":827,"column":0},"end":{"line":888,"column":2}},"283":{"start":{"line":828,"column":4},"end":{"line":831,"column":14}},"284":{"start":{"line":833,"column":4},"end":{"line":833,"column":24}},"285":{"start":{"line":836,"column":4},"end":{"line":836,"column":46}},"286":{"start":{"line":837,"column":4},"end":{"line":847,"column":7}},"287":{"start":{"line":838,"column":8},"end":{"line":846,"column":9}},"288":{"start":{"line":839,"column":12},"end":{"line":839,"column":23}},"289":{"start":{"line":840,"column":15},"end":{
[...]
"    // Randomize the list.","    this.servers = u.shuffle(servers);","}","","/**"," * Return the connection string of this host provider."," *"," * @method getConnectionString"," * @return The connection string."," */","ConnectionStringParser.prototype.getConnectionString = function () {","    return this.connectionString;","};","","ConnectionStringParser.prototype.getChrootPath = function () {","    return this.chrootPath;","};","","ConnectionStringParser.prototype.getServers = function () {","    return this.servers.slice(0);","};","","module.exports = ConnectionStringParser;",""],"l":{"9":1,"10":1,"11":1,"14":1,"31":1,"32":0,"37":0,"40":0,"44":0,"45":0,"46":0,"48":0,"51":0,"52":0,"54":0,"57":0,"59":0,"61":0,"62":0,"68":0,"74":0,"83":1,"84":0,"87":1,"88":0,"91":1,"92":0,"95":1}},"/home/travis/build/npmtest/node-npmtest-node-zookeeper-client/node_modules/node-zookeeper-client/lib/WatcherManager.js":{"path":"/home/travis/build/npmtest/node-npmtest-node-zookeeper-client/node_modules/node-zookeeper-client/lib/WatcherManager.js","s":{"1":1,"2":1,"3":1,"4":1,"5":0,"6":0,"7":0,"8":1,"9":0,"10":0,"11":0,"12":0,"13":0,"14":0,"15":0,"16":0,"17":0,"18":1,"19":0,"20":0,"21":0,"22":0,"23":0,"24":1,"25":0,"26":1,"27":0,"28":1,"29":0,"30":1,"31":0,"32":1,"33":0,"34":1,"35":0,"36":1,"37":0,"38":0,"39":0,"40":0,"41":0,"42":0,"43":0,"44":0,"45":0,"46":0,"47":0,"48":0,"49":0,"50":0,"51":0,"52":0,"53":0,"54":0,"55":0,"56":0,"57":0,"58":0,"59":0,"60":0,"61":0,"62":0,"63":0,"64":0,"65":1,"66":0,"67":0,"68":0,"69":0,"70":0,"71":0,"72":0,"73":0,"74":0,"75":1},"b":{"1":[0,0],"2":[0,0],"3":[0,0],"4":[0,0],"5":[0,0],"6":[0,0],"7":[0,0,0,0,0],"8":[0,0],"9":[0,0],"10":[0,0],"11":[0,0],"12":[0,0],"13":[0,0],"14":[0,0]},"f":{"1":0,"2":0,"3":0,"4":0,"5":0,"6":0,"7":0,"8":0,"9":0,"10":0,"11":0,"12":0,"13":0,"14":0},"fnMap":{"1":{"name":"WatcherManager","line":13,"loc":{"start":{"line":13,"column":0},"end":{"line":13,"column":26}}},"2":{"name":"registerWatcher","line":19,"loc":{"start":{"line":19,"column":0},"end":{"line":19,"column":52}}},"3":{"name":"(anonymous_3)","line":30,"loc":{"start":{"line":30,"column":66},"end":{"line":30,"column":79}}},"4":{"name":"getWatcherPaths","line":41,"loc":{"start":{"line":41,"column":0},"end":{"line":41,"column":37}}},"5":{"name":"(anonymous_5)","line":45,"loc":{"start":{"line":45,"column":34},"end":{"line":45,"column":50}}},"6":{"name":"(anonymous_6)","line":54,"loc":{"start":{"line":54,"column":47},"end":{"line":54,"column":72}}},"7":{"name":"(anonymous_7)","line":58,"loc":{"start":{"line":58,"column":47},"end":{"line":58,"column":59}}},"8":{"name":"(anonymous_8)","line":62,"loc":{"start":{"line":62,"column":48},"end":{"line":62,"column":73}}},"9":{"name":"(anonymous_9)","line":66,"loc":{"start":{"line":66,"column":48},"end":{"line":66,"column":60}}},"10":{"name":"(anonymous_10)","line":70,"loc":{"start":{"line":70,"column":52},"end":{"line":70,"column":77}}},"11":{"name":"(anonymous_11)","line":74,"loc":{"start":{"line":74,"column":52},"end":{"line":74,"column":64}}},"12":{"name":"(anonymous_12)","line":78,"loc":{"start":{"line":78,"column":32},"end":{"line":78,"column":56}}},"13":{"name":"(anonymous_13)","line":125,"loc":{"start":{"line":125,"column":21},"end":{"line":125,"column":40}}},"14":{"name":"(anonymous_14)","line":130,"loc":{"start":{"line":130,"column":35},"end":{"line":130,"column":47}}}},"statementMap":{"1":{"start":{"line":9,"column":0},"end":{"line":9,"column":31}},"2":{"start":{"line":10,"column":0},"end":{"line":10,"column":32}},"3":{"start":{"line":11,"column":0},"end":{"line":11,"column":34}},"4":{"start":{"line":13,"column":0},"end":{"line":17,"column":1}},"5":{"start":{"line":14,"column":4},"end":{"line":14,"column":27}},"6":{"start":{"line":15,"column":4},"end":{"line":15,"column":28}},"7":{"start":{"line":16,"column":4},"end":{"line":16,"column":32}},"8":{"start":{"line":19,"column":0},"end":{"line":39,"column":1}},"9":{"start":{"line":20,"column":4},"end":{"line":21,"column":30}},"10":{"start":{"line":23,"column":4},"end":{"line":23,"column":24}},"11":{"start":{"line":25,"column":4},"end":{"line":27,"column":5}},"12":{"start":{"line":26,"column":8},"end":{"line":26,"column":61}},"13":{"start":{"line":29,"column":4},"end":{"line":29,"column":65}},"14":{"start":{"line":30,"column":4},"end":{"line":34,"column":7}},"15":{"start":{"line":33,"column":8},"end":{"line":33,"column":55}},"16":{"start":{"line":36,"column":4},"end":{"line":38,"column":5}},"17":{"start":{"line":37,"column":8},"end":{"line":37,"column":53}},"18":{"start":{"line":41,"column":0},"end":{"line":52,"column":1}},"19":{"start":{"line":42,"column":4},"end":{"line":43,"column":20}},"20":{"start":{"line":45,"column":4},"end":{"line":49,"column":7}},"21":{"start":{"line":46,"column":8},"end":{"line":48,"column":9}},"22":{"start":{"line":47,"column":12},"end":{"line":47,"column":30}},"23":{"start":{"line":51,"column":4},"end":{"line":51,"column":18}},"24":{"start":{"line":54,"column":0},"end":{"line":56,"column":2}},"25":{"start":{"line":55,"column":4},"end":{"line":55,"column":49}},"26":{"start":{"line":58,"column":0},"end":{"line":60,"column":2}},"27":{"start":{"line":59,"column":4},"end":{"line":59,"column":41}},"28":{"start":{"line":62,"column":0},"end":{"line":64,"column":2}},"29":{"start":{"line":63,"column":4},"end":{"line":63,"column":50}},"30":{"start":{"line":66,"column":0},"end":{"line":68,"column":2}},"31":{"start":{"line":67,"column":4},"end":{"line":67,"column":42}},"32":{"start":{"line":70,"column":0},"end":{"line":72,"column":2}},"33":{"start":{"line":71,"column":4},"end":{"line":71,"column":54}},"34":{"start":{"line":74,"column":0},"end":{"line":76,"column":2}},"35":{"start":{"line":75,"column":4},"end":{"line":75,"column":46}},"36":{"start":{"line":78,"column":0},"end":{"line":128,"column":2}},"37":{"start":{"line":79,"column":4},"end":{"line":81,"column":5}},"38":{"start":{"line":80,"column":8},"end":{"line":80,"column":64}},"39":{"start":{"line":83,"column":4},"end":{"line":84,"column":14}},"40":{"start":{"line":86,"column":4},"end":{"line":117,"column":5}},"41":{"start":{"line":89,"column":8},"end":{"line":92,"column":9}},"42":{"start":{"line":90,"column":12},"end":{"line":90,"column":64}},"43":{"start":{"line":91,"column":12},"end":{"line":91,"column":56}},"44":{"start":{"line":94,"column":8},"end":{"line":97,"column":9}},"45":{"start":{"line":95,"column":12},"end":{"line":95,"column":69}},"46":{"start":{"line":96,"column":12},"end":{"line":96,"column":61}},"47":{"start":{"line":98,"column":8},"end":{"line":98,"column":14}},"48":{"start":{"line":100,"column":8},"end":{"line":103,"column":9}},"49":{"start":{"line":101,"column":12},"end":{"line":101,"column":65}},"50":{"start":{"line":102,"column":12},"end":{"line":102,"column":57}},"51":{"start":{"line":104,"column":8},"end":{"line":104,"column":14}},"52":{"start":{"line":106,"column":8},"end":{"line":109,"column":9}},"53":{"start":{"line":107,"column":12},"end":{"line":107,"column":64}},"54":{"start":{"line":108,"column":12},"end":{"line":108,"column":56}},"55":{"start":{"line":110,"column":8},"end":{"line":113,"column":9}},"56":{"start":{"line":111,"column":12},"end":{"line":111,"column":65}},"57":{"start":{"line":112,"column":12},"end":{"line":112,"column":57}},"58":{"start":{"line":114,"column":8},"end":{"line":114,"column":14}},"59":{"start":{"line":116,"column":8},"end":{"line":116,"column":68}},"60":{"start":{"line":119,"column":4},"end":{"line":121,"column":5}},"61":{"start":{"line":120,"column":8},"end":{"line":120,"column":15}},"62":{"start":{"line":123,"column":4},"end":{"line":123,"column":39}},"63":{"start":{"line":125,"column":4},"end":{"line":127,"column":7}},"64":{"start":{"line":126,"column":8},"end":{"line":126,"column":44}},"65":{"start":{"line":130,"column":0},"end":{"line":151,"column":2}},"66":{"start":{"line":131,"column":4},"end":{"line":135,"column":10}},"67":{"start":{"line":137,"column":4},"end":{"line":137,"column":79}},"68":{"start":{"line":139,"column":4},"end":{"line":148,"column":5}},"69":{"start":{"line":140,"column":8},"end":{"line":140,"column":41}},"70":{"start":{"line":142,"column":8},"end":{"line":147,"column":9}},"71":{"start":{"line":143,"column":12},"end":{"line":146,"column":13}},"72":{"start":{"line":144,"column":16},"end":{"line":144,"column":30}},"73":{"start":{"line":145,"column":16},"end":{"line":145,"column":22}},"74":{"start":{"line":150,"column":4},"end":{"line":150,"column":17}},"75":{"start":{"line":153,"column":0},"end":{"line":153,"column":32}}},"branchMap":{"1":{"line":25,"type":"if","locations":[{"start":{"line":25,"column":4},"end":{"line":25,"column":4}},{"start":{"line":25,"column":4},"end":{"line":25,"column":4}}]},"2":{"line":29,"type":"binary-expr","locations":[{"start":{"line":29,"column":21},"end":{"line":29,"column":35}},{"start":{"line":29,"column":39},"end":{"line":29,"column":64}}]},"3":{"line":33,"type":"binary-expr","locations":[{"start":{"line":33,"column":15},"end":{"line":33,"column":28}},{"start":{"line":33,"column":32},"end":{"line":33,"column":54}}]},"4":{"line":36,"type":"if","locations":[{"start":{"line":36,"column":4},"end":{"line":36,"column":4}},{"start":{"line":36,"column":4},"end":{"line":36,"column":4}}]},"5":{"line":46,"type":"if","locations":[{"start":{"line":46,"column":8},"end":{"line":46,"column":8}},{"start":{"line":46,"column":8},"end":{"line":46,"column":8}}]},"6":{"line":79,"type":"if","locations":[{"start":{"line":79,"column":4},"end":{"line":79,"column":4}},{"start":{"line":79,"column":4},"end":{"line":79,"column":4}}]},"7":{"line":86,"type":"switch","locations":[{"start":{"line":87,"column":4},"end":{"line":87,"column":33}},{"start":{"line":88,"column":4},"end":{"line":98,"column":14}},{"start":{"line":99,"column":4},"end":{"line":104,"column":14}},{"start":{"line":105,"column":4},"end":{"line":114,"column":14}},{"start":{"line":115,"column":4},"end":{"line":116,"column":68}}]},"8":{"line":89,"type":"if","locations":[{"start":{"line":89,"column":8},"end":{"line":89,"column":8}},{"start":{"line":89,"column":8},"end":{"line":89,"column":8}}]},"9":{"line":94,"type":"if","locations":[{"start":{"line":94,"column":8},"end":{"line":94,"column":8}},{"start":{"line":94,"column":8},"end":{"line":94,"column":8}}]},"10":{"line":100,"type":"if","locations":[{"start":{"line":100,"column":8},"end":{"line":100,"column":8}},{"start":{"line":100,"column":8},"end":{"line":100,"column":8}}]},"11":{"line":106,"type":"if","locations":[{"start":{"line":106,"column":8},"end":{"line":106,"column":8}},{"start":{"line":106,"column":8},"end":{"line":106,"column":8}}]},"12":{"line":110,"type":"if","locations":[{"start":{"line":110,"column":8},"end":{"line":110,"column":8}},{"start":{"line":110,"column":8},"end":{"line":110,"column":8}}]},"13":{"line":119,"type":"if","locations":[{"start":{"line":119,"column":4},"end":{"line":119,"column":4}},{"start":{"line":119,"column":4},"end":{"line":119,"column":4}}]},"14":{"line":143,"type":"if","locations":[{"start":{"line":143,"column":12},"end":{"line":143,"column":12}},{"start":{"line":143,"column":12},"end":{"line":143,"column":12}}]}},"code":["/**"," * Copyright (c) 2013 Yahoo! Inc. All rights reserved."," *"," * Copyrights licensed under the MIT License. See the accompanying LICENSE file"," * for terms."," */","","","var events = require('events');","var Path = require('./Path.js');","var Event = require('./Event.js');","","function WatcherManager() {","    this.dataWatchers = {};","    this.childWatchers = {};","    this.existenceWatchers = {};","}","","function registerWatcher(self, type, path, watcher) {","    var watchers = self[type + 'Watchers'],","        watcherExists = false;","","    Path.validate(path);","","    if (typeof watcher !== 'function') {","        throw new Error('watcher must be a valid function.');","    }","","    watchers[path] = watchers[path] || new events.EventEmitter();","    watcherExists = watchers[path].listeners('notification').some(function (l) {","        // This is rather hacky since node.js wraps the listeners using an","        // internal function.","        return l === watcher || l.listener === watcher;","    });","","    if (!watcherExists) {","        watchers[path].once('notification', watcher);","    }","}","","function getWatcherPaths(self, type) {","    var watchers = self[type + 'Watchers'],","        result = [];","","    Object.keys(watchers).forEach(function (path) {","        if (watchers[path].listeners('notification').length > 0) {","            result.push(path);","        }","    });","","    return result;","}","","WatcherManager.prototype.registerDataWatcher = function (path, watcher) {","    registerWatcher(this, 'data', path, watcher);","};","","WatcherManager.prototype.getDataWatcherPaths = function () {","    return getWatcherPaths(this, 'data');","};","","WatcherManager.prototype.registerChildWatcher = function (path, watcher) {","    registerWatcher(this, 'child', path, watcher);","};","","WatcherManager.prototype.getChildWatcherPaths = function () {","    return getWatcherPaths(this, 'child');","};","","WatcherManager.prototype.registerExistenceWatcher = function (path, watcher) {","    registerWatcher(this, 'existence', path, watcher);","};","","WatcherManager.prototype.getExistenceWatcherPaths = function () {","    return getWatcherPaths(this, 'existence');","};","","WatcherManager.prototype.emit = function (watcherEvent) {","    if (!watcherEvent) {","        throw new Error('watcherEvent must be a valid object.');","    }","","    var emitters = [],","        event;","","    switch (watcherEvent.type) {","    case Event.NODE_DATA_CHANGED:","    case Event.NODE_CREATED:","        if (this.dataWatchers[watcherEvent.path]) {","            emitters.push(this.dataWatchers[watcherEvent.path]);","            delete this.dataWatchers[watcherEvent.path];","        }","","        if (this.existenceWatchers[watcherEvent.path]) {","            emitters.push(this.existenceWatchers[watcherEvent.path]);","            delete this.existenceWatchers[watcherEvent.path];","        }","        break;","    case Event.NODE_CHILDREN_CHANGED:","        if (this.childWatchers[watcherEvent.path]) {","            emitters.push(this.childWatchers[watcherEvent.path]);","            delete this.childWatchers[watcherEvent.path];","        }","        break;","    case Event.NODE_DELETED:","        if (this.dataWatchers[watcherEvent.path]) {","            emitters.push(this.dataWatchers[watcherEvent.path]);","            delete this.dataWatchers[watcherEvent.path];","        }","        if (this.childWatchers[watcherEvent.path]) {","            emitters.push(this.childWatchers[watcherEvent.path]);","            delete this.childWatchers[watcherEvent.path];","        }","        break;","    default:","        throw new Error('Unknown event type: ' + watcherEvent.type);","    }","","    if (emitters.length < 1) {","        return;","    }","","    event = Event.create(watcherEvent);","","    emitters.forEach(function (emitter) {","        emitter.emit('notification', event);","    });","};","","WatcherManager.prototype.isEmpty = function () {","    var empty = true,","        watchers,","        paths,","        i,","        j;","","    watchers = [this.dataWatchers, this.existenceWatchers, this.childWatchers];","","    for (i = 0; i < watchers.length; i += 1) {","        paths = Object.keys(watchers[i]);","","        for (j = 0; j < paths.length; j += 1) {","            if (watchers[i][paths[j]].listeners('notification').length > 0) {","                empty = false;","                break;","            }","        }","    }","","    return empty;","};","","module.exports = WatcherManager;",""],"l":{"9":1,"10":1,"11":1,"13":1,"14":0,"15":0,"16":0,"19":1,"20":0,"23":0,"25":0,"26":0,"29":0,"30":0,"33":0,"36":0,"37":0,"41":1,"42":0,"45":0,"46":0,"47":0,"51":0,"54":1,"55":0,"58":1,"59":0,"62":1,"63":0,"66":1,"67":0,"70":1,"71":0,"74":1,"75":0,"78":1,"79":0,"80":0,"83":0,"86":0,"89":0,"90":0,"91":0,"94":0,"95":0,"96":0,"98":0,"100":0,"101":0,"102":0,"104":0,"106":0,"107":0,"108":0,"110":0,"111":0,"112":0,"114":0,"116":0,"119":0,"120":0,"123":0,"125":0,"126":0,"130":1,"131":0,"137":0,"139":0,"140":0,"142":0,"143":0,"144":0,"145":0,"150":0,"153":1}},"/home/travis/build/npmtest/node-npmtest-node-zookeeper-client/node_modules/node-zookeeper-client/lib/PacketQueue.js":{"path":"/home/travis/build/npmtest/node-npmtest-node-zookeeper-client/node_modules/node-zookeeper-client/lib/PacketQueue.js","s":{"1":1,"2":1,"3":1,"4":0,"5":0,"6":1,"7":1,"8":0,"9":0,"10":0,"11":0,"12":1,"13":0,"14":0,"15":0,"16":0,"17":1,"18":0,"19":1},"b":{"1":[0,0],"2":[0,0]},"f":{"1":0,"2":0,"3":0,"4":0},"fnMap":{"1":{"name":"PacketQueue","line":18,"loc":{"start":{"line":18,"column":0},"end":{"line":18,"column":23}}},"2":{"name":"(anonymous_2)","line":28,"loc":{"start":{"line":28,"column":29},"end":{"line":28,"column":47}}},"3":{"name":"(anonymous_3)","line":39,"loc":{"start":{"line":39,"column":32},"end":{"line":39,"column":50}}},"4":{"name":"(anonymous_4)","line":48,"loc":{"start":{"line":48,"column":30},"end":{"line":48,"column":42}}}},"statementMap":{"1":{"start":{"line":13,"column":0},"end":{"line":13,"column":27}},"2":{"start":{"line":14,"column":0},"end":{"line":14,"column":31}},"3":{"start":{"line":18,"column":0},"end":{"line":22,"column":1}},"4":{"start":{"line":19,"column":4},"end":{"line":19,"column":35}},"5":{"start":{"line":21,"column":4},"end":{"line":21,"column":20}},"6":{"start":{"line":25,"column":0},"end":{"line":25,"column":48}},"7":{"start":{"line":28,"column":0},"end":{"line":36,"column":2}},"8":{"start":{"line":29,"column":4},"end":{"line":31,"column":5}},"9":{"start":{"line":30,"column":8},"end":{"line":30,"column":58}},"10":{"start":{"line":33,"column":4},"end":{"line":33,"column":28}},"11":{"start":{"line":35,"column":4},"end":{"line":35,"column":26}},"12":{"start":{"line":39,"column":0},"end":{"line":46,"column":2}},"13":{"start":{"line":40,"column":4},"end":{"line":42,"column":5}},"14":{"start":{"line":41,"column":8},"end":{"line":41,"column":58}},"15":{"start":{"line":44,"column":4},"end":{"line":44,"column":31}},"16":{"start":{"line":45,"column":4},"end":{"line":45,"column":26}},"17":{"start":{"line":48,"column":0},"end":{"line":50,"column":2}},"18":{"start":{"line":49,"column":4},"end":{"line":49,"column":30}},"19":{"start":{"line":53,"column":0},"end":{"line":53,"column":29}}},"branchMap":{"1":{"line":29,"type":"if","locations":[{"start":{"line":29,"column":4},"end":{"line":29,"column":4}},{"start":{"line":29,"column":4},"end":{"line":29,"column":4}}]},"2":{"line":40,"type":"if","locations":[{"start":{"line":40,"column":4},"end":{"line":40,"column":4}},{"start":{"line":40,"column":4},"end":{"line":40,"column":4}}]}},"code":["/**"," * Copyright (c) 2013 Yahoo! Inc. All rights reserved."," *"," * Copyrights licensed under the MIT License. See the accompanying LICENSE file"," * for terms."," */","","","/**"," * The package queue which emits events."," */","","var util = require('util');","var events = require('events');","","","","function PacketQueue() {","    events.EventEmitter.call(this);","","    this.queue = [];","}","","","util.inherits(PacketQueue, events.EventEmitter);","","","PacketQueue.prototype.push = function (packet) {","    if (typeof packet !== 'object') {","        throw new Error('packet must be a valid object.');","    }","","    this.queue.push(packet);","","    this.emit('readable');","};","","","PacketQueue.prototype.unshift = function (packet) {","    if (typeof packet !== 'object') {","        throw new Error('packet must be a valid object.');","    }","","    this.queue.unshift(packet);","    this.emit('readable');","};","","PacketQueue.prototype.shift = function () {","    return this.queue.shift();","};","","","module.exports = PacketQueue;","",""],"l":{"13":1,"14":1,"18":1,"19":0,"21":0,"25":1,"28":1,"29":0,"30":0,"33":0,"35":0,"39":1,"40":0,"41":0,"44":0,"45":0,"48":1,"49":0,"53":1}}}